<?xml version="1.0" encoding="UTF-8"?>
<testsuite name="JUnit Jupiter" tests="500" skipped="0" failures="0" errors="0" time="0.335" hostname="Tomers-MacBook-Pro.local" timestamp="2022-01-21T14:07:11">
<properties>
<property name="file.encoding" value="UTF-8"/>
<property name="file.separator" value="/"/>
<property name="ftp.nonProxyHosts" value="local|*.local|169.254/16|*.169.254/16"/>
<property name="http.nonProxyHosts" value="local|*.local|169.254/16|*.169.254/16"/>
<property name="java.class.path" value="/Users/tomerfi/vscode-workspace/playground/junit-plugin-log-cut/target/classes:/Users/tomerfi/.m2/repository/org/junit/jupiter/junit-jupiter-api/5.8.2/junit-jupiter-api-5.8.2.jar:/Users/tomerfi/.m2/repository/org/opentest4j/opentest4j/1.2.0/opentest4j-1.2.0.jar:/Users/tomerfi/.m2/repository/org/junit/platform/junit-platform-commons/1.8.2/junit-platform-commons-1.8.2.jar:/Users/tomerfi/.m2/repository/org/apiguardian/apiguardian-api/1.1.2/apiguardian-api-1.1.2.jar:/Users/tomerfi/.m2/repository/org/junit/jupiter/junit-jupiter-params/5.8.2/junit-jupiter-params-5.8.2.jar:/Users/tomerfi/vscode-workspace/playground/junit-plugin-log-cut/target/test-classes:/Users/tomerfi/.m2/repository/org/junit/platform/junit-platform-launcher/1.8.2/junit-platform-launcher-1.8.2.jar:/Users/tomerfi/.m2/repository/org/junit/platform/junit-platform-engine/1.8.2/junit-platform-engine-1.8.2.jar:/Users/tomerfi/.m2/repository/org/junit/platform/junit-platform-reporting/1.8.2/junit-platform-reporting-1.8.2.jar:/Users/tomerfi/.m2/repository/org/junit/platform/junit-platform-console/1.8.2/junit-platform-console-1.8.2.jar:/Users/tomerfi/.m2/repository/org/junit/jupiter/junit-jupiter-engine/5.8.2/junit-jupiter-engine-5.8.2.jar"/>
<property name="java.class.version" value="61.0"/>
<property name="java.home" value="/Users/tomerfi/.sdkman/candidates/java/17-open"/>
<property name="java.io.tmpdir" value="/var/folders/tb/bjcjr0kn46954jm7p9jr4ykw0000gn/T/"/>
<property name="java.library.path" value="/Users/tomerfi/Library/Java/Extensions:/Library/Java/Extensions:/Network/Library/Java/Extensions:/System/Library/Java/Extensions:/usr/lib/java:."/>
<property name="java.runtime.name" value="OpenJDK Runtime Environment"/>
<property name="java.runtime.version" value="17+35-2724"/>
<property name="java.specification.name" value="Java Platform API Specification"/>
<property name="java.specification.vendor" value="Oracle Corporation"/>
<property name="java.specification.version" value="17"/>
<property name="java.vendor" value="Oracle Corporation"/>
<property name="java.vendor.url" value="https://java.oracle.com/"/>
<property name="java.vendor.url.bug" value="https://bugreport.java.com/bugreport/"/>
<property name="java.version" value="17"/>
<property name="java.version.date" value="2021-09-14"/>
<property name="java.vm.compressedOopsMode" value="Zero based"/>
<property name="java.vm.info" value="mixed mode, sharing"/>
<property name="java.vm.name" value="OpenJDK 64-Bit Server VM"/>
<property name="java.vm.specification.name" value="Java Virtual Machine Specification"/>
<property name="java.vm.specification.vendor" value="Oracle Corporation"/>
<property name="java.vm.specification.version" value="17"/>
<property name="java.vm.vendor" value="Oracle Corporation"/>
<property name="java.vm.version" value="17+35-2724"/>
<property name="jdk.debug" value="release"/>
<property name="line.separator" value="
"/>
<property name="native.encoding" value="UTF-8"/>
<property name="os.arch" value="x86_64"/>
<property name="os.name" value="Mac OS X"/>
<property name="os.version" value="11.6.2"/>
<property name="path.separator" value=":"/>
<property name="socksNonProxyHosts" value="local|*.local|169.254/16|*.169.254/16"/>
<property name="sun.arch.data.model" value="64"/>
<property name="sun.boot.library.path" value="/Users/tomerfi/.sdkman/candidates/java/17-open/lib"/>
<property name="sun.cpu.endian" value="little"/>
<property name="sun.io.unicode.encoding" value="UnicodeBig"/>
<property name="sun.java.command" value="org.junit.platform.console.ConsoleLauncher --fail-if-no-tests --details tree --details-theme ascii --reports-dir /Users/tomerfi/vscode-workspace/playground/junit-plugin-log-cut/target/junit-platform --scan-class-path"/>
<property name="sun.java.launcher" value="SUN_STANDARD"/>
<property name="sun.jnu.encoding" value="UTF-8"/>
<property name="sun.management.compiler" value="HotSpot 64-Bit Tiered Compilers"/>
<property name="user.country" value="IL"/>
<property name="user.dir" value="/Users/tomerfi/vscode-workspace/playground/junit-plugin-log-cut"/>
<property name="user.home" value="/Users/tomerfi"/>
<property name="user.language" value="en"/>
<property name="user.name" value="tomerfi"/>
<property name="user.timezone" value="Asia/Jerusalem"/>
</properties>
<testcase name="should_answer_with_true(int)[16]" classname="com.example.AppTest" time="0">
<system-out><![CDATA[
unique-id: [engine:junit-jupiter]/[class:com.example.AppTest]/[test-template:should_answer_with_true(int)]/[test-template-invocation:#16]
display-name: [16] 15
]]></system-out>
</testcase>
<testcase name="should_answer_with_true(int)[17]" classname="com.example.AppTest" time="0">
<system-out><![CDATA[
unique-id: [engine:junit-jupiter]/[class:com.example.AppTest]/[test-template:should_answer_with_true(int)]/[test-template-invocation:#17]
display-name: [17] 16
]]></system-out>
</testcase>
<testcase name="should_answer_with_true(int)[18]" classname="com.example.AppTest" time="0">
<system-out><![CDATA[
unique-id: [engine:junit-jupiter]/[class:com.example.AppTest]/[test-template:should_answer_with_true(int)]/[test-template-invocation:#18]
display-name: [18] 17
]]></system-out>
</testcase>
<testcase name="should_answer_with_true(int)[19]" classname="com.example.AppTest" time="0">
<system-out><![CDATA[
unique-id: [engine:junit-jupiter]/[class:com.example.AppTest]/[test-template:should_answer_with_true(int)]/[test-template-invocation:#19]
display-name: [19] 18
]]></system-out>
</testcase>
<testcase name="should_answer_with_true(int)[12]" classname="com.example.AppTest" time="0">
<system-out><![CDATA[
unique-id: [engine:junit-jupiter]/[class:com.example.AppTest]/[test-template:should_answer_with_true(int)]/[test-template-invocation:#12]
display-name: [12] 11
]]></system-out>
</testcase>
<testcase name="should_answer_with_true(int)[13]" classname="com.example.AppTest" time="0">
<system-out><![CDATA[
unique-id: [engine:junit-jupiter]/[class:com.example.AppTest]/[test-template:should_answer_with_true(int)]/[test-template-invocation:#13]
display-name: [13] 12
]]></system-out>
</testcase>
<testcase name="should_answer_with_true(int)[14]" classname="com.example.AppTest" time="0">
<system-out><![CDATA[
unique-id: [engine:junit-jupiter]/[class:com.example.AppTest]/[test-template:should_answer_with_true(int)]/[test-template-invocation:#14]
display-name: [14] 13
]]></system-out>
</testcase>
<testcase name="should_answer_with_true(int)[15]" classname="com.example.AppTest" time="0">
<system-out><![CDATA[
unique-id: [engine:junit-jupiter]/[class:com.example.AppTest]/[test-template:should_answer_with_true(int)]/[test-template-invocation:#15]
display-name: [15] 14
]]></system-out>
</testcase>
<testcase name="should_answer_with_true(int)[10]" classname="com.example.AppTest" time="0">
<system-out><![CDATA[
unique-id: [engine:junit-jupiter]/[class:com.example.AppTest]/[test-template:should_answer_with_true(int)]/[test-template-invocation:#10]
display-name: [10] 9
]]></system-out>
</testcase>
<testcase name="should_answer_with_true(int)[11]" classname="com.example.AppTest" time="0">
<system-out><![CDATA[
unique-id: [engine:junit-jupiter]/[class:com.example.AppTest]/[test-template:should_answer_with_true(int)]/[test-template-invocation:#11]
display-name: [11] 10
]]></system-out>
</testcase>
<testcase name="should_answer_with_true(int)[27]" classname="com.example.AppTest" time="0">
<system-out><![CDATA[
unique-id: [engine:junit-jupiter]/[class:com.example.AppTest]/[test-template:should_answer_with_true(int)]/[test-template-invocation:#27]
display-name: [27] 26
]]></system-out>
</testcase>
<testcase name="should_answer_with_true(int)[28]" classname="com.example.AppTest" time="0">
<system-out><![CDATA[
unique-id: [engine:junit-jupiter]/[class:com.example.AppTest]/[test-template:should_answer_with_true(int)]/[test-template-invocation:#28]
display-name: [28] 27
]]></system-out>
</testcase>
<testcase name="should_answer_with_true(int)[29]" classname="com.example.AppTest" time="0">
<system-out><![CDATA[
unique-id: [engine:junit-jupiter]/[class:com.example.AppTest]/[test-template:should_answer_with_true(int)]/[test-template-invocation:#29]
display-name: [29] 28
]]></system-out>
</testcase>
<testcase name="should_answer_with_true(int)[23]" classname="com.example.AppTest" time="0">
<system-out><![CDATA[
unique-id: [engine:junit-jupiter]/[class:com.example.AppTest]/[test-template:should_answer_with_true(int)]/[test-template-invocation:#23]
display-name: [23] 22
]]></system-out>
</testcase>
<testcase name="should_answer_with_true(int)[24]" classname="com.example.AppTest" time="0">
<system-out><![CDATA[
unique-id: [engine:junit-jupiter]/[class:com.example.AppTest]/[test-template:should_answer_with_true(int)]/[test-template-invocation:#24]
display-name: [24] 23
]]></system-out>
</testcase>
<testcase name="should_answer_with_true(int)[25]" classname="com.example.AppTest" time="0">
<system-out><![CDATA[
unique-id: [engine:junit-jupiter]/[class:com.example.AppTest]/[test-template:should_answer_with_true(int)]/[test-template-invocation:#25]
display-name: [25] 24
]]></system-out>
</testcase>
<testcase name="should_answer_with_true(int)[26]" classname="com.example.AppTest" time="0">
<system-out><![CDATA[
unique-id: [engine:junit-jupiter]/[class:com.example.AppTest]/[test-template:should_answer_with_true(int)]/[test-template-invocation:#26]
display-name: [26] 25
]]></system-out>
</testcase>
<testcase name="should_answer_with_true(int)[20]" classname="com.example.AppTest" time="0">
<system-out><![CDATA[
unique-id: [engine:junit-jupiter]/[class:com.example.AppTest]/[test-template:should_answer_with_true(int)]/[test-template-invocation:#20]
display-name: [20] 19
]]></system-out>
</testcase>
<testcase name="should_answer_with_true(int)[21]" classname="com.example.AppTest" time="0">
<system-out><![CDATA[
unique-id: [engine:junit-jupiter]/[class:com.example.AppTest]/[test-template:should_answer_with_true(int)]/[test-template-invocation:#21]
display-name: [21] 20
]]></system-out>
</testcase>
<testcase name="should_answer_with_true(int)[22]" classname="com.example.AppTest" time="0">
<system-out><![CDATA[
unique-id: [engine:junit-jupiter]/[class:com.example.AppTest]/[test-template:should_answer_with_true(int)]/[test-template-invocation:#22]
display-name: [22] 21
]]></system-out>
</testcase>
<testcase name="should_answer_with_true(int)[38]" classname="com.example.AppTest" time="0">
<system-out><![CDATA[
unique-id: [engine:junit-jupiter]/[class:com.example.AppTest]/[test-template:should_answer_with_true(int)]/[test-template-invocation:#38]
display-name: [38] 37
]]></system-out>
</testcase>
<testcase name="should_answer_with_true(int)[39]" classname="com.example.AppTest" time="0">
<system-out><![CDATA[
unique-id: [engine:junit-jupiter]/[class:com.example.AppTest]/[test-template:should_answer_with_true(int)]/[test-template-invocation:#39]
display-name: [39] 38
]]></system-out>
</testcase>
<testcase name="should_answer_with_true(int)[34]" classname="com.example.AppTest" time="0">
<system-out><![CDATA[
unique-id: [engine:junit-jupiter]/[class:com.example.AppTest]/[test-template:should_answer_with_true(int)]/[test-template-invocation:#34]
display-name: [34] 33
]]></system-out>
</testcase>
<testcase name="should_answer_with_true(int)[35]" classname="com.example.AppTest" time="0">
<system-out><![CDATA[
unique-id: [engine:junit-jupiter]/[class:com.example.AppTest]/[test-template:should_answer_with_true(int)]/[test-template-invocation:#35]
display-name: [35] 34
]]></system-out>
</testcase>
<testcase name="should_answer_with_true(int)[36]" classname="com.example.AppTest" time="0">
<system-out><![CDATA[
unique-id: [engine:junit-jupiter]/[class:com.example.AppTest]/[test-template:should_answer_with_true(int)]/[test-template-invocation:#36]
display-name: [36] 35
]]></system-out>
</testcase>
<testcase name="should_answer_with_true(int)[37]" classname="com.example.AppTest" time="0">
<system-out><![CDATA[
unique-id: [engine:junit-jupiter]/[class:com.example.AppTest]/[test-template:should_answer_with_true(int)]/[test-template-invocation:#37]
display-name: [37] 36
]]></system-out>
</testcase>
<testcase name="should_answer_with_true(int)[30]" classname="com.example.AppTest" time="0">
<system-out><![CDATA[
unique-id: [engine:junit-jupiter]/[class:com.example.AppTest]/[test-template:should_answer_with_true(int)]/[test-template-invocation:#30]
display-name: [30] 29
]]></system-out>
</testcase>
<testcase name="should_answer_with_true(int)[31]" classname="com.example.AppTest" time="0">
<system-out><![CDATA[
unique-id: [engine:junit-jupiter]/[class:com.example.AppTest]/[test-template:should_answer_with_true(int)]/[test-template-invocation:#31]
display-name: [31] 30
]]></system-out>
</testcase>
<testcase name="should_answer_with_true(int)[32]" classname="com.example.AppTest" time="0">
<system-out><![CDATA[
unique-id: [engine:junit-jupiter]/[class:com.example.AppTest]/[test-template:should_answer_with_true(int)]/[test-template-invocation:#32]
display-name: [32] 31
]]></system-out>
</testcase>
<testcase name="should_answer_with_true(int)[500]" classname="com.example.AppTest" time="0">
<system-out><![CDATA[
unique-id: [engine:junit-jupiter]/[class:com.example.AppTest]/[test-template:should_answer_with_true(int)]/[test-template-invocation:#500]
display-name: [500] 499
]]></system-out>
</testcase>
<testcase name="should_answer_with_true(int)[33]" classname="com.example.AppTest" time="0">
<system-out><![CDATA[
unique-id: [engine:junit-jupiter]/[class:com.example.AppTest]/[test-template:should_answer_with_true(int)]/[test-template-invocation:#33]
display-name: [33] 32
]]></system-out>
</testcase>
<testcase name="should_answer_with_true(int)[49]" classname="com.example.AppTest" time="0">
<system-out><![CDATA[
unique-id: [engine:junit-jupiter]/[class:com.example.AppTest]/[test-template:should_answer_with_true(int)]/[test-template-invocation:#49]
display-name: [49] 48
]]></system-out>
</testcase>
<testcase name="should_answer_with_true(int)[45]" classname="com.example.AppTest" time="0">
<system-out><![CDATA[
unique-id: [engine:junit-jupiter]/[class:com.example.AppTest]/[test-template:should_answer_with_true(int)]/[test-template-invocation:#45]
display-name: [45] 44
]]></system-out>
</testcase>
<testcase name="should_answer_with_true(int)[46]" classname="com.example.AppTest" time="0">
<system-out><![CDATA[
unique-id: [engine:junit-jupiter]/[class:com.example.AppTest]/[test-template:should_answer_with_true(int)]/[test-template-invocation:#46]
display-name: [46] 45
]]></system-out>
</testcase>
<testcase name="should_answer_with_true(int)[47]" classname="com.example.AppTest" time="0">
<system-out><![CDATA[
unique-id: [engine:junit-jupiter]/[class:com.example.AppTest]/[test-template:should_answer_with_true(int)]/[test-template-invocation:#47]
display-name: [47] 46
]]></system-out>
</testcase>
<testcase name="should_answer_with_true(int)[48]" classname="com.example.AppTest" time="0">
<system-out><![CDATA[
unique-id: [engine:junit-jupiter]/[class:com.example.AppTest]/[test-template:should_answer_with_true(int)]/[test-template-invocation:#48]
display-name: [48] 47
]]></system-out>
</testcase>
<testcase name="should_answer_with_true(int)[41]" classname="com.example.AppTest" time="0">
<system-out><![CDATA[
unique-id: [engine:junit-jupiter]/[class:com.example.AppTest]/[test-template:should_answer_with_true(int)]/[test-template-invocation:#41]
display-name: [41] 40
]]></system-out>
</testcase>
<testcase name="should_answer_with_true(int)[42]" classname="com.example.AppTest" time="0">
<system-out><![CDATA[
unique-id: [engine:junit-jupiter]/[class:com.example.AppTest]/[test-template:should_answer_with_true(int)]/[test-template-invocation:#42]
display-name: [42] 41
]]></system-out>
</testcase>
<testcase name="should_answer_with_true(int)[43]" classname="com.example.AppTest" time="0">
<system-out><![CDATA[
unique-id: [engine:junit-jupiter]/[class:com.example.AppTest]/[test-template:should_answer_with_true(int)]/[test-template-invocation:#43]
display-name: [43] 42
]]></system-out>
</testcase>
<testcase name="should_answer_with_true(int)[44]" classname="com.example.AppTest" time="0">
<system-out><![CDATA[
unique-id: [engine:junit-jupiter]/[class:com.example.AppTest]/[test-template:should_answer_with_true(int)]/[test-template-invocation:#44]
display-name: [44] 43
]]></system-out>
</testcase>
<testcase name="should_answer_with_true(int)[40]" classname="com.example.AppTest" time="0">
<system-out><![CDATA[
unique-id: [engine:junit-jupiter]/[class:com.example.AppTest]/[test-template:should_answer_with_true(int)]/[test-template-invocation:#40]
display-name: [40] 39
]]></system-out>
</testcase>
<testcase name="should_answer_with_true(int)[9]" classname="com.example.AppTest" time="0">
<system-out><![CDATA[
unique-id: [engine:junit-jupiter]/[class:com.example.AppTest]/[test-template:should_answer_with_true(int)]/[test-template-invocation:#9]
display-name: [9] 8
]]></system-out>
</testcase>
<testcase name="should_answer_with_true(int)[8]" classname="com.example.AppTest" time="0">
<system-out><![CDATA[
unique-id: [engine:junit-jupiter]/[class:com.example.AppTest]/[test-template:should_answer_with_true(int)]/[test-template-invocation:#8]
display-name: [8] 7
]]></system-out>
</testcase>
<testcase name="should_answer_with_true(int)[7]" classname="com.example.AppTest" time="0">
<system-out><![CDATA[
unique-id: [engine:junit-jupiter]/[class:com.example.AppTest]/[test-template:should_answer_with_true(int)]/[test-template-invocation:#7]
display-name: [7] 6
]]></system-out>
</testcase>
<testcase name="should_answer_with_true(int)[197]" classname="com.example.AppTest" time="0">
<system-out><![CDATA[
unique-id: [engine:junit-jupiter]/[class:com.example.AppTest]/[test-template:should_answer_with_true(int)]/[test-template-invocation:#197]
display-name: [197] 196
]]></system-out>
</testcase>
<testcase name="should_answer_with_true(int)[198]" classname="com.example.AppTest" time="0">
<system-out><![CDATA[
unique-id: [engine:junit-jupiter]/[class:com.example.AppTest]/[test-template:should_answer_with_true(int)]/[test-template-invocation:#198]
display-name: [198] 197
]]></system-out>
</testcase>
<testcase name="should_answer_with_true(int)[199]" classname="com.example.AppTest" time="0">
<system-out><![CDATA[
unique-id: [engine:junit-jupiter]/[class:com.example.AppTest]/[test-template:should_answer_with_true(int)]/[test-template-invocation:#199]
display-name: [199] 198
]]></system-out>
</testcase>
<testcase name="should_answer_with_true(int)[193]" classname="com.example.AppTest" time="0">
<system-out><![CDATA[
unique-id: [engine:junit-jupiter]/[class:com.example.AppTest]/[test-template:should_answer_with_true(int)]/[test-template-invocation:#193]
display-name: [193] 192
]]></system-out>
</testcase>
<testcase name="should_answer_with_true(int)[194]" classname="com.example.AppTest" time="0">
<system-out><![CDATA[
unique-id: [engine:junit-jupiter]/[class:com.example.AppTest]/[test-template:should_answer_with_true(int)]/[test-template-invocation:#194]
display-name: [194] 193
]]></system-out>
</testcase>
<testcase name="should_answer_with_true(int)[195]" classname="com.example.AppTest" time="0">
<system-out><![CDATA[
unique-id: [engine:junit-jupiter]/[class:com.example.AppTest]/[test-template:should_answer_with_true(int)]/[test-template-invocation:#195]
display-name: [195] 194
]]></system-out>
</testcase>
<testcase name="should_answer_with_true(int)[196]" classname="com.example.AppTest" time="0">
<system-out><![CDATA[
unique-id: [engine:junit-jupiter]/[class:com.example.AppTest]/[test-template:should_answer_with_true(int)]/[test-template-invocation:#196]
display-name: [196] 195
]]></system-out>
</testcase>
<testcase name="should_answer_with_true(int)[190]" classname="com.example.AppTest" time="0">
<system-out><![CDATA[
unique-id: [engine:junit-jupiter]/[class:com.example.AppTest]/[test-template:should_answer_with_true(int)]/[test-template-invocation:#190]
display-name: [190] 189
]]></system-out>
</testcase>
<testcase name="should_answer_with_true(int)[191]" classname="com.example.AppTest" time="0">
<system-out><![CDATA[
unique-id: [engine:junit-jupiter]/[class:com.example.AppTest]/[test-template:should_answer_with_true(int)]/[test-template-invocation:#191]
display-name: [191] 190
]]></system-out>
</testcase>
<testcase name="should_answer_with_true(int)[192]" classname="com.example.AppTest" time="0">
<system-out><![CDATA[
unique-id: [engine:junit-jupiter]/[class:com.example.AppTest]/[test-template:should_answer_with_true(int)]/[test-template-invocation:#192]
display-name: [192] 191
]]></system-out>
</testcase>
<testcase name="should_answer_with_true(int)[2]" classname="com.example.AppTest" time="0">
<system-out><![CDATA[
unique-id: [engine:junit-jupiter]/[class:com.example.AppTest]/[test-template:should_answer_with_true(int)]/[test-template-invocation:#2]
display-name: [2] 1
]]></system-out>
</testcase>
<testcase name="should_answer_with_true(int)[1]" classname="com.example.AppTest" time="0.02">
<system-out><![CDATA[
unique-id: [engine:junit-jupiter]/[class:com.example.AppTest]/[test-template:should_answer_with_true(int)]/[test-template-invocation:#1]
display-name: [1] 0
]]></system-out>
</testcase>
<testcase name="should_answer_with_true(int)[6]" classname="com.example.AppTest" time="0">
<system-out><![CDATA[
unique-id: [engine:junit-jupiter]/[class:com.example.AppTest]/[test-template:should_answer_with_true(int)]/[test-template-invocation:#6]
display-name: [6] 5
]]></system-out>
</testcase>
<testcase name="should_answer_with_true(int)[5]" classname="com.example.AppTest" time="0">
<system-out><![CDATA[
unique-id: [engine:junit-jupiter]/[class:com.example.AppTest]/[test-template:should_answer_with_true(int)]/[test-template-invocation:#5]
display-name: [5] 4
]]></system-out>
</testcase>
<testcase name="should_answer_with_true(int)[4]" classname="com.example.AppTest" time="0">
<system-out><![CDATA[
unique-id: [engine:junit-jupiter]/[class:com.example.AppTest]/[test-template:should_answer_with_true(int)]/[test-template-invocation:#4]
display-name: [4] 3
]]></system-out>
</testcase>
<testcase name="should_answer_with_true(int)[3]" classname="com.example.AppTest" time="0">
<system-out><![CDATA[
unique-id: [engine:junit-jupiter]/[class:com.example.AppTest]/[test-template:should_answer_with_true(int)]/[test-template-invocation:#3]
display-name: [3] 2
]]></system-out>
</testcase>
<testcase name="should_answer_with_true(int)[168]" classname="com.example.AppTest" time="0">
<system-out><![CDATA[
unique-id: [engine:junit-jupiter]/[class:com.example.AppTest]/[test-template:should_answer_with_true(int)]/[test-template-invocation:#168]
display-name: [168] 167
]]></system-out>
</testcase>
<testcase name="should_answer_with_true(int)[289]" classname="com.example.AppTest" time="0">
<system-out><![CDATA[
unique-id: [engine:junit-jupiter]/[class:com.example.AppTest]/[test-template:should_answer_with_true(int)]/[test-template-invocation:#289]
display-name: [289] 288
]]></system-out>
</testcase>
<testcase name="should_answer_with_true(int)[169]" classname="com.example.AppTest" time="0">
<system-out><![CDATA[
unique-id: [engine:junit-jupiter]/[class:com.example.AppTest]/[test-template:should_answer_with_true(int)]/[test-template-invocation:#169]
display-name: [169] 168
]]></system-out>
</testcase>
<testcase name="should_answer_with_true(int)[164]" classname="com.example.AppTest" time="0">
<system-out><![CDATA[
unique-id: [engine:junit-jupiter]/[class:com.example.AppTest]/[test-template:should_answer_with_true(int)]/[test-template-invocation:#164]
display-name: [164] 163
]]></system-out>
</testcase>
<testcase name="should_answer_with_true(int)[285]" classname="com.example.AppTest" time="0">
<system-out><![CDATA[
unique-id: [engine:junit-jupiter]/[class:com.example.AppTest]/[test-template:should_answer_with_true(int)]/[test-template-invocation:#285]
display-name: [285] 284
]]></system-out>
</testcase>
<testcase name="should_answer_with_true(int)[165]" classname="com.example.AppTest" time="0">
<system-out><![CDATA[
unique-id: [engine:junit-jupiter]/[class:com.example.AppTest]/[test-template:should_answer_with_true(int)]/[test-template-invocation:#165]
display-name: [165] 164
]]></system-out>
</testcase>
<testcase name="should_answer_with_true(int)[286]" classname="com.example.AppTest" time="0">
<system-out><![CDATA[
unique-id: [engine:junit-jupiter]/[class:com.example.AppTest]/[test-template:should_answer_with_true(int)]/[test-template-invocation:#286]
display-name: [286] 285
]]></system-out>
</testcase>
<testcase name="should_answer_with_true(int)[166]" classname="com.example.AppTest" time="0">
<system-out><![CDATA[
unique-id: [engine:junit-jupiter]/[class:com.example.AppTest]/[test-template:should_answer_with_true(int)]/[test-template-invocation:#166]
display-name: [166] 165
]]></system-out>
</testcase>
<testcase name="should_answer_with_true(int)[287]" classname="com.example.AppTest" time="0">
<system-out><![CDATA[
unique-id: [engine:junit-jupiter]/[class:com.example.AppTest]/[test-template:should_answer_with_true(int)]/[test-template-invocation:#287]
display-name: [287] 286
]]></system-out>
</testcase>
<testcase name="should_answer_with_true(int)[167]" classname="com.example.AppTest" time="0">
<system-out><![CDATA[
unique-id: [engine:junit-jupiter]/[class:com.example.AppTest]/[test-template:should_answer_with_true(int)]/[test-template-invocation:#167]
display-name: [167] 166
]]></system-out>
</testcase>
<testcase name="should_answer_with_true(int)[288]" classname="com.example.AppTest" time="0">
<system-out><![CDATA[
unique-id: [engine:junit-jupiter]/[class:com.example.AppTest]/[test-template:should_answer_with_true(int)]/[test-template-invocation:#288]
display-name: [288] 287
]]></system-out>
</testcase>
<testcase name="should_answer_with_true(int)[160]" classname="com.example.AppTest" time="0">
<system-out><![CDATA[
unique-id: [engine:junit-jupiter]/[class:com.example.AppTest]/[test-template:should_answer_with_true(int)]/[test-template-invocation:#160]
display-name: [160] 159
]]></system-out>
</testcase>
<testcase name="should_answer_with_true(int)[281]" classname="com.example.AppTest" time="0">
<system-out><![CDATA[
unique-id: [engine:junit-jupiter]/[class:com.example.AppTest]/[test-template:should_answer_with_true(int)]/[test-template-invocation:#281]
display-name: [281] 280
]]></system-out>
</testcase>
<testcase name="should_answer_with_true(int)[161]" classname="com.example.AppTest" time="0">
<system-out><![CDATA[
unique-id: [engine:junit-jupiter]/[class:com.example.AppTest]/[test-template:should_answer_with_true(int)]/[test-template-invocation:#161]
display-name: [161] 160
]]></system-out>
</testcase>
<testcase name="should_answer_with_true(int)[282]" classname="com.example.AppTest" time="0">
<system-out><![CDATA[
unique-id: [engine:junit-jupiter]/[class:com.example.AppTest]/[test-template:should_answer_with_true(int)]/[test-template-invocation:#282]
display-name: [282] 281
]]></system-out>
</testcase>
<testcase name="should_answer_with_true(int)[162]" classname="com.example.AppTest" time="0">
<system-out><![CDATA[
unique-id: [engine:junit-jupiter]/[class:com.example.AppTest]/[test-template:should_answer_with_true(int)]/[test-template-invocation:#162]
display-name: [162] 161
]]></system-out>
</testcase>
<testcase name="should_answer_with_true(int)[283]" classname="com.example.AppTest" time="0">
<system-out><![CDATA[
unique-id: [engine:junit-jupiter]/[class:com.example.AppTest]/[test-template:should_answer_with_true(int)]/[test-template-invocation:#283]
display-name: [283] 282
]]></system-out>
</testcase>
<testcase name="should_answer_with_true(int)[163]" classname="com.example.AppTest" time="0">
<system-out><![CDATA[
unique-id: [engine:junit-jupiter]/[class:com.example.AppTest]/[test-template:should_answer_with_true(int)]/[test-template-invocation:#163]
display-name: [163] 162
]]></system-out>
</testcase>
<testcase name="should_answer_with_true(int)[284]" classname="com.example.AppTest" time="0">
<system-out><![CDATA[
unique-id: [engine:junit-jupiter]/[class:com.example.AppTest]/[test-template:should_answer_with_true(int)]/[test-template-invocation:#284]
display-name: [284] 283
]]></system-out>
</testcase>
<testcase name="should_answer_with_true(int)[280]" classname="com.example.AppTest" time="0">
<system-out><![CDATA[
unique-id: [engine:junit-jupiter]/[class:com.example.AppTest]/[test-template:should_answer_with_true(int)]/[test-template-invocation:#280]
display-name: [280] 279
]]></system-out>
</testcase>
<testcase name="should_answer_with_true(int)[157]" classname="com.example.AppTest" time="0">
<system-out><![CDATA[
unique-id: [engine:junit-jupiter]/[class:com.example.AppTest]/[test-template:should_answer_with_true(int)]/[test-template-invocation:#157]
display-name: [157] 156
]]></system-out>
</testcase>
<testcase name="should_answer_with_true(int)[278]" classname="com.example.AppTest" time="0">
<system-out><![CDATA[
unique-id: [engine:junit-jupiter]/[class:com.example.AppTest]/[test-template:should_answer_with_true(int)]/[test-template-invocation:#278]
display-name: [278] 277
]]></system-out>
</testcase>
<testcase name="should_answer_with_true(int)[399]" classname="com.example.AppTest" time="0">
<system-out><![CDATA[
unique-id: [engine:junit-jupiter]/[class:com.example.AppTest]/[test-template:should_answer_with_true(int)]/[test-template-invocation:#399]
display-name: [399] 398
]]></system-out>
</testcase>
<testcase name="should_answer_with_true(int)[158]" classname="com.example.AppTest" time="0">
<system-out><![CDATA[
unique-id: [engine:junit-jupiter]/[class:com.example.AppTest]/[test-template:should_answer_with_true(int)]/[test-template-invocation:#158]
display-name: [158] 157
]]></system-out>
</testcase>
<testcase name="should_answer_with_true(int)[279]" classname="com.example.AppTest" time="0">
<system-out><![CDATA[
unique-id: [engine:junit-jupiter]/[class:com.example.AppTest]/[test-template:should_answer_with_true(int)]/[test-template-invocation:#279]
display-name: [279] 278
]]></system-out>
</testcase>
<testcase name="should_answer_with_true(int)[159]" classname="com.example.AppTest" time="0">
<system-out><![CDATA[
unique-id: [engine:junit-jupiter]/[class:com.example.AppTest]/[test-template:should_answer_with_true(int)]/[test-template-invocation:#159]
display-name: [159] 158
]]></system-out>
</testcase>
<testcase name="should_answer_with_true(int)[153]" classname="com.example.AppTest" time="0">
<system-out><![CDATA[
unique-id: [engine:junit-jupiter]/[class:com.example.AppTest]/[test-template:should_answer_with_true(int)]/[test-template-invocation:#153]
display-name: [153] 152
]]></system-out>
</testcase>
<testcase name="should_answer_with_true(int)[274]" classname="com.example.AppTest" time="0">
<system-out><![CDATA[
unique-id: [engine:junit-jupiter]/[class:com.example.AppTest]/[test-template:should_answer_with_true(int)]/[test-template-invocation:#274]
display-name: [274] 273
]]></system-out>
</testcase>
<testcase name="should_answer_with_true(int)[395]" classname="com.example.AppTest" time="0">
<system-out><![CDATA[
unique-id: [engine:junit-jupiter]/[class:com.example.AppTest]/[test-template:should_answer_with_true(int)]/[test-template-invocation:#395]
display-name: [395] 394
]]></system-out>
</testcase>
<testcase name="should_answer_with_true(int)[154]" classname="com.example.AppTest" time="0">
<system-out><![CDATA[
unique-id: [engine:junit-jupiter]/[class:com.example.AppTest]/[test-template:should_answer_with_true(int)]/[test-template-invocation:#154]
display-name: [154] 153
]]></system-out>
</testcase>
<testcase name="should_answer_with_true(int)[275]" classname="com.example.AppTest" time="0">
<system-out><![CDATA[
unique-id: [engine:junit-jupiter]/[class:com.example.AppTest]/[test-template:should_answer_with_true(int)]/[test-template-invocation:#275]
display-name: [275] 274
]]></system-out>
</testcase>
<testcase name="should_answer_with_true(int)[396]" classname="com.example.AppTest" time="0">
<system-out><![CDATA[
unique-id: [engine:junit-jupiter]/[class:com.example.AppTest]/[test-template:should_answer_with_true(int)]/[test-template-invocation:#396]
display-name: [396] 395
]]></system-out>
</testcase>
<testcase name="should_answer_with_true(int)[155]" classname="com.example.AppTest" time="0">
<system-out><![CDATA[
unique-id: [engine:junit-jupiter]/[class:com.example.AppTest]/[test-template:should_answer_with_true(int)]/[test-template-invocation:#155]
display-name: [155] 154
]]></system-out>
</testcase>
<testcase name="should_answer_with_true(int)[276]" classname="com.example.AppTest" time="0">
<system-out><![CDATA[
unique-id: [engine:junit-jupiter]/[class:com.example.AppTest]/[test-template:should_answer_with_true(int)]/[test-template-invocation:#276]
display-name: [276] 275
]]></system-out>
</testcase>
<testcase name="should_answer_with_true(int)[397]" classname="com.example.AppTest" time="0">
<system-out><![CDATA[
unique-id: [engine:junit-jupiter]/[class:com.example.AppTest]/[test-template:should_answer_with_true(int)]/[test-template-invocation:#397]
display-name: [397] 396
]]></system-out>
</testcase>
<testcase name="should_answer_with_true(int)[156]" classname="com.example.AppTest" time="0">
<system-out><![CDATA[
unique-id: [engine:junit-jupiter]/[class:com.example.AppTest]/[test-template:should_answer_with_true(int)]/[test-template-invocation:#156]
display-name: [156] 155
]]></system-out>
</testcase>
<testcase name="should_answer_with_true(int)[277]" classname="com.example.AppTest" time="0">
<system-out><![CDATA[
unique-id: [engine:junit-jupiter]/[class:com.example.AppTest]/[test-template:should_answer_with_true(int)]/[test-template-invocation:#277]
display-name: [277] 276
]]></system-out>
</testcase>
<testcase name="should_answer_with_true(int)[398]" classname="com.example.AppTest" time="0">
<system-out><![CDATA[
unique-id: [engine:junit-jupiter]/[class:com.example.AppTest]/[test-template:should_answer_with_true(int)]/[test-template-invocation:#398]
display-name: [398] 397
]]></system-out>
</testcase>
<testcase name="should_answer_with_true(int)[270]" classname="com.example.AppTest" time="0">
<system-out><![CDATA[
unique-id: [engine:junit-jupiter]/[class:com.example.AppTest]/[test-template:should_answer_with_true(int)]/[test-template-invocation:#270]
display-name: [270] 269
]]></system-out>
</testcase>
<testcase name="should_answer_with_true(int)[391]" classname="com.example.AppTest" time="0">
<system-out><![CDATA[
unique-id: [engine:junit-jupiter]/[class:com.example.AppTest]/[test-template:should_answer_with_true(int)]/[test-template-invocation:#391]
display-name: [391] 390
]]></system-out>
</testcase>
<testcase name="should_answer_with_true(int)[150]" classname="com.example.AppTest" time="0">
<system-out><![CDATA[
unique-id: [engine:junit-jupiter]/[class:com.example.AppTest]/[test-template:should_answer_with_true(int)]/[test-template-invocation:#150]
display-name: [150] 149
]]></system-out>
</testcase>
<testcase name="should_answer_with_true(int)[271]" classname="com.example.AppTest" time="0">
<system-out><![CDATA[
unique-id: [engine:junit-jupiter]/[class:com.example.AppTest]/[test-template:should_answer_with_true(int)]/[test-template-invocation:#271]
display-name: [271] 270
]]></system-out>
</testcase>
<testcase name="should_answer_with_true(int)[392]" classname="com.example.AppTest" time="0">
<system-out><![CDATA[
unique-id: [engine:junit-jupiter]/[class:com.example.AppTest]/[test-template:should_answer_with_true(int)]/[test-template-invocation:#392]
display-name: [392] 391
]]></system-out>
</testcase>
<testcase name="should_answer_with_true(int)[151]" classname="com.example.AppTest" time="0">
<system-out><![CDATA[
unique-id: [engine:junit-jupiter]/[class:com.example.AppTest]/[test-template:should_answer_with_true(int)]/[test-template-invocation:#151]
display-name: [151] 150
]]></system-out>
</testcase>
<testcase name="should_answer_with_true(int)[272]" classname="com.example.AppTest" time="0">
<system-out><![CDATA[
unique-id: [engine:junit-jupiter]/[class:com.example.AppTest]/[test-template:should_answer_with_true(int)]/[test-template-invocation:#272]
display-name: [272] 271
]]></system-out>
</testcase>
<testcase name="should_answer_with_true(int)[393]" classname="com.example.AppTest" time="0">
<system-out><![CDATA[
unique-id: [engine:junit-jupiter]/[class:com.example.AppTest]/[test-template:should_answer_with_true(int)]/[test-template-invocation:#393]
display-name: [393] 392
]]></system-out>
</testcase>
<testcase name="should_answer_with_true(int)[152]" classname="com.example.AppTest" time="0">
<system-out><![CDATA[
unique-id: [engine:junit-jupiter]/[class:com.example.AppTest]/[test-template:should_answer_with_true(int)]/[test-template-invocation:#152]
display-name: [152] 151
]]></system-out>
</testcase>
<testcase name="should_answer_with_true(int)[273]" classname="com.example.AppTest" time="0">
<system-out><![CDATA[
unique-id: [engine:junit-jupiter]/[class:com.example.AppTest]/[test-template:should_answer_with_true(int)]/[test-template-invocation:#273]
display-name: [273] 272
]]></system-out>
</testcase>
<testcase name="should_answer_with_true(int)[394]" classname="com.example.AppTest" time="0">
<system-out><![CDATA[
unique-id: [engine:junit-jupiter]/[class:com.example.AppTest]/[test-template:should_answer_with_true(int)]/[test-template-invocation:#394]
display-name: [394] 393
]]></system-out>
</testcase>
<testcase name="should_answer_with_true(int)[390]" classname="com.example.AppTest" time="0">
<system-out><![CDATA[
unique-id: [engine:junit-jupiter]/[class:com.example.AppTest]/[test-template:should_answer_with_true(int)]/[test-template-invocation:#390]
display-name: [390] 389
]]></system-out>
</testcase>
<testcase name="should_answer_with_true(int)[186]" classname="com.example.AppTest" time="0">
<system-out><![CDATA[
unique-id: [engine:junit-jupiter]/[class:com.example.AppTest]/[test-template:should_answer_with_true(int)]/[test-template-invocation:#186]
display-name: [186] 185
]]></system-out>
</testcase>
<testcase name="should_answer_with_true(int)[187]" classname="com.example.AppTest" time="0">
<system-out><![CDATA[
unique-id: [engine:junit-jupiter]/[class:com.example.AppTest]/[test-template:should_answer_with_true(int)]/[test-template-invocation:#187]
display-name: [187] 186
]]></system-out>
</testcase>
<testcase name="should_answer_with_true(int)[188]" classname="com.example.AppTest" time="0">
<system-out><![CDATA[
unique-id: [engine:junit-jupiter]/[class:com.example.AppTest]/[test-template:should_answer_with_true(int)]/[test-template-invocation:#188]
display-name: [188] 187
]]></system-out>
</testcase>
<testcase name="should_answer_with_true(int)[189]" classname="com.example.AppTest" time="0">
<system-out><![CDATA[
unique-id: [engine:junit-jupiter]/[class:com.example.AppTest]/[test-template:should_answer_with_true(int)]/[test-template-invocation:#189]
display-name: [189] 188
]]></system-out>
</testcase>
<testcase name="should_answer_with_true(int)[182]" classname="com.example.AppTest" time="0">
<system-out><![CDATA[
unique-id: [engine:junit-jupiter]/[class:com.example.AppTest]/[test-template:should_answer_with_true(int)]/[test-template-invocation:#182]
display-name: [182] 181
]]></system-out>
</testcase>
<testcase name="should_answer_with_true(int)[183]" classname="com.example.AppTest" time="0">
<system-out><![CDATA[
unique-id: [engine:junit-jupiter]/[class:com.example.AppTest]/[test-template:should_answer_with_true(int)]/[test-template-invocation:#183]
display-name: [183] 182
]]></system-out>
</testcase>
<testcase name="should_answer_with_true(int)[184]" classname="com.example.AppTest" time="0">
<system-out><![CDATA[
unique-id: [engine:junit-jupiter]/[class:com.example.AppTest]/[test-template:should_answer_with_true(int)]/[test-template-invocation:#184]
display-name: [184] 183
]]></system-out>
</testcase>
<testcase name="should_answer_with_true(int)[185]" classname="com.example.AppTest" time="0">
<system-out><![CDATA[
unique-id: [engine:junit-jupiter]/[class:com.example.AppTest]/[test-template:should_answer_with_true(int)]/[test-template-invocation:#185]
display-name: [185] 184
]]></system-out>
</testcase>
<testcase name="should_answer_with_true(int)[180]" classname="com.example.AppTest" time="0">
<system-out><![CDATA[
unique-id: [engine:junit-jupiter]/[class:com.example.AppTest]/[test-template:should_answer_with_true(int)]/[test-template-invocation:#180]
display-name: [180] 179
]]></system-out>
</testcase>
<testcase name="should_answer_with_true(int)[181]" classname="com.example.AppTest" time="0">
<system-out><![CDATA[
unique-id: [engine:junit-jupiter]/[class:com.example.AppTest]/[test-template:should_answer_with_true(int)]/[test-template-invocation:#181]
display-name: [181] 180
]]></system-out>
</testcase>
<testcase name="should_answer_with_true(int)[179]" classname="com.example.AppTest" time="0">
<system-out><![CDATA[
unique-id: [engine:junit-jupiter]/[class:com.example.AppTest]/[test-template:should_answer_with_true(int)]/[test-template-invocation:#179]
display-name: [179] 178
]]></system-out>
</testcase>
<testcase name="should_answer_with_true(int)[175]" classname="com.example.AppTest" time="0">
<system-out><![CDATA[
unique-id: [engine:junit-jupiter]/[class:com.example.AppTest]/[test-template:should_answer_with_true(int)]/[test-template-invocation:#175]
display-name: [175] 174
]]></system-out>
</testcase>
<testcase name="should_answer_with_true(int)[296]" classname="com.example.AppTest" time="0">
<system-out><![CDATA[
unique-id: [engine:junit-jupiter]/[class:com.example.AppTest]/[test-template:should_answer_with_true(int)]/[test-template-invocation:#296]
display-name: [296] 295
]]></system-out>
</testcase>
<testcase name="should_answer_with_true(int)[176]" classname="com.example.AppTest" time="0">
<system-out><![CDATA[
unique-id: [engine:junit-jupiter]/[class:com.example.AppTest]/[test-template:should_answer_with_true(int)]/[test-template-invocation:#176]
display-name: [176] 175
]]></system-out>
</testcase>
<testcase name="should_answer_with_true(int)[297]" classname="com.example.AppTest" time="0">
<system-out><![CDATA[
unique-id: [engine:junit-jupiter]/[class:com.example.AppTest]/[test-template:should_answer_with_true(int)]/[test-template-invocation:#297]
display-name: [297] 296
]]></system-out>
</testcase>
<testcase name="should_answer_with_true(int)[177]" classname="com.example.AppTest" time="0">
<system-out><![CDATA[
unique-id: [engine:junit-jupiter]/[class:com.example.AppTest]/[test-template:should_answer_with_true(int)]/[test-template-invocation:#177]
display-name: [177] 176
]]></system-out>
</testcase>
<testcase name="should_answer_with_true(int)[298]" classname="com.example.AppTest" time="0">
<system-out><![CDATA[
unique-id: [engine:junit-jupiter]/[class:com.example.AppTest]/[test-template:should_answer_with_true(int)]/[test-template-invocation:#298]
display-name: [298] 297
]]></system-out>
</testcase>
<testcase name="should_answer_with_true(int)[178]" classname="com.example.AppTest" time="0">
<system-out><![CDATA[
unique-id: [engine:junit-jupiter]/[class:com.example.AppTest]/[test-template:should_answer_with_true(int)]/[test-template-invocation:#178]
display-name: [178] 177
]]></system-out>
</testcase>
<testcase name="should_answer_with_true(int)[299]" classname="com.example.AppTest" time="0">
<system-out><![CDATA[
unique-id: [engine:junit-jupiter]/[class:com.example.AppTest]/[test-template:should_answer_with_true(int)]/[test-template-invocation:#299]
display-name: [299] 298
]]></system-out>
</testcase>
<testcase name="should_answer_with_true(int)[171]" classname="com.example.AppTest" time="0">
<system-out><![CDATA[
unique-id: [engine:junit-jupiter]/[class:com.example.AppTest]/[test-template:should_answer_with_true(int)]/[test-template-invocation:#171]
display-name: [171] 170
]]></system-out>
</testcase>
<testcase name="should_answer_with_true(int)[292]" classname="com.example.AppTest" time="0">
<system-out><![CDATA[
unique-id: [engine:junit-jupiter]/[class:com.example.AppTest]/[test-template:should_answer_with_true(int)]/[test-template-invocation:#292]
display-name: [292] 291
]]></system-out>
</testcase>
<testcase name="should_answer_with_true(int)[172]" classname="com.example.AppTest" time="0">
<system-out><![CDATA[
unique-id: [engine:junit-jupiter]/[class:com.example.AppTest]/[test-template:should_answer_with_true(int)]/[test-template-invocation:#172]
display-name: [172] 171
]]></system-out>
</testcase>
<testcase name="should_answer_with_true(int)[293]" classname="com.example.AppTest" time="0">
<system-out><![CDATA[
unique-id: [engine:junit-jupiter]/[class:com.example.AppTest]/[test-template:should_answer_with_true(int)]/[test-template-invocation:#293]
display-name: [293] 292
]]></system-out>
</testcase>
<testcase name="should_answer_with_true(int)[173]" classname="com.example.AppTest" time="0">
<system-out><![CDATA[
unique-id: [engine:junit-jupiter]/[class:com.example.AppTest]/[test-template:should_answer_with_true(int)]/[test-template-invocation:#173]
display-name: [173] 172
]]></system-out>
</testcase>
<testcase name="should_answer_with_true(int)[294]" classname="com.example.AppTest" time="0">
<system-out><![CDATA[
unique-id: [engine:junit-jupiter]/[class:com.example.AppTest]/[test-template:should_answer_with_true(int)]/[test-template-invocation:#294]
display-name: [294] 293
]]></system-out>
</testcase>
<testcase name="should_answer_with_true(int)[174]" classname="com.example.AppTest" time="0">
<system-out><![CDATA[
unique-id: [engine:junit-jupiter]/[class:com.example.AppTest]/[test-template:should_answer_with_true(int)]/[test-template-invocation:#174]
display-name: [174] 173
]]></system-out>
</testcase>
<testcase name="should_answer_with_true(int)[295]" classname="com.example.AppTest" time="0">
<system-out><![CDATA[
unique-id: [engine:junit-jupiter]/[class:com.example.AppTest]/[test-template:should_answer_with_true(int)]/[test-template-invocation:#295]
display-name: [295] 294
]]></system-out>
</testcase>
<testcase name="should_answer_with_true(int)[290]" classname="com.example.AppTest" time="0">
<system-out><![CDATA[
unique-id: [engine:junit-jupiter]/[class:com.example.AppTest]/[test-template:should_answer_with_true(int)]/[test-template-invocation:#290]
display-name: [290] 289
]]></system-out>
</testcase>
<testcase name="should_answer_with_true(int)[170]" classname="com.example.AppTest" time="0">
<system-out><![CDATA[
unique-id: [engine:junit-jupiter]/[class:com.example.AppTest]/[test-template:should_answer_with_true(int)]/[test-template-invocation:#170]
display-name: [170] 169
]]></system-out>
</testcase>
<testcase name="should_answer_with_true(int)[291]" classname="com.example.AppTest" time="0">
<system-out><![CDATA[
unique-id: [engine:junit-jupiter]/[class:com.example.AppTest]/[test-template:should_answer_with_true(int)]/[test-template-invocation:#291]
display-name: [291] 290
]]></system-out>
</testcase>
<testcase name="should_answer_with_true(int)[117]" classname="com.example.AppTest" time="0">
<system-out><![CDATA[
unique-id: [engine:junit-jupiter]/[class:com.example.AppTest]/[test-template:should_answer_with_true(int)]/[test-template-invocation:#117]
display-name: [117] 116
]]></system-out>
</testcase>
<testcase name="should_answer_with_true(int)[238]" classname="com.example.AppTest" time="0">
<system-out><![CDATA[
unique-id: [engine:junit-jupiter]/[class:com.example.AppTest]/[test-template:should_answer_with_true(int)]/[test-template-invocation:#238]
display-name: [238] 237
]]></system-out>
</testcase>
<testcase name="should_answer_with_true(int)[359]" classname="com.example.AppTest" time="0">
<system-out><![CDATA[
unique-id: [engine:junit-jupiter]/[class:com.example.AppTest]/[test-template:should_answer_with_true(int)]/[test-template-invocation:#359]
display-name: [359] 358
]]></system-out>
</testcase>
<testcase name="should_answer_with_true(int)[118]" classname="com.example.AppTest" time="0">
<system-out><![CDATA[
unique-id: [engine:junit-jupiter]/[class:com.example.AppTest]/[test-template:should_answer_with_true(int)]/[test-template-invocation:#118]
display-name: [118] 117
]]></system-out>
</testcase>
<testcase name="should_answer_with_true(int)[239]" classname="com.example.AppTest" time="0">
<system-out><![CDATA[
unique-id: [engine:junit-jupiter]/[class:com.example.AppTest]/[test-template:should_answer_with_true(int)]/[test-template-invocation:#239]
display-name: [239] 238
]]></system-out>
</testcase>
<testcase name="should_answer_with_true(int)[119]" classname="com.example.AppTest" time="0">
<system-out><![CDATA[
unique-id: [engine:junit-jupiter]/[class:com.example.AppTest]/[test-template:should_answer_with_true(int)]/[test-template-invocation:#119]
display-name: [119] 118
]]></system-out>
</testcase>
<testcase name="should_answer_with_true(int)[124]" classname="com.example.AppTest" time="0">
<system-out><![CDATA[
unique-id: [engine:junit-jupiter]/[class:com.example.AppTest]/[test-template:should_answer_with_true(int)]/[test-template-invocation:#124]
display-name: [124] 123
]]></system-out>
</testcase>
<testcase name="should_answer_with_true(int)[245]" classname="com.example.AppTest" time="0">
<system-out><![CDATA[
unique-id: [engine:junit-jupiter]/[class:com.example.AppTest]/[test-template:should_answer_with_true(int)]/[test-template-invocation:#245]
display-name: [245] 244
]]></system-out>
</testcase>
<testcase name="should_answer_with_true(int)[366]" classname="com.example.AppTest" time="0">
<system-out><![CDATA[
unique-id: [engine:junit-jupiter]/[class:com.example.AppTest]/[test-template:should_answer_with_true(int)]/[test-template-invocation:#366]
display-name: [366] 365
]]></system-out>
</testcase>
<testcase name="should_answer_with_true(int)[487]" classname="com.example.AppTest" time="0">
<system-out><![CDATA[
unique-id: [engine:junit-jupiter]/[class:com.example.AppTest]/[test-template:should_answer_with_true(int)]/[test-template-invocation:#487]
display-name: [487] 486
]]></system-out>
</testcase>
<testcase name="should_answer_with_true(int)[125]" classname="com.example.AppTest" time="0">
<system-out><![CDATA[
unique-id: [engine:junit-jupiter]/[class:com.example.AppTest]/[test-template:should_answer_with_true(int)]/[test-template-invocation:#125]
display-name: [125] 124
]]></system-out>
</testcase>
<testcase name="should_answer_with_true(int)[246]" classname="com.example.AppTest" time="0">
<system-out><![CDATA[
unique-id: [engine:junit-jupiter]/[class:com.example.AppTest]/[test-template:should_answer_with_true(int)]/[test-template-invocation:#246]
display-name: [246] 245
]]></system-out>
</testcase>
<testcase name="should_answer_with_true(int)[367]" classname="com.example.AppTest" time="0">
<system-out><![CDATA[
unique-id: [engine:junit-jupiter]/[class:com.example.AppTest]/[test-template:should_answer_with_true(int)]/[test-template-invocation:#367]
display-name: [367] 366
]]></system-out>
</testcase>
<testcase name="should_answer_with_true(int)[488]" classname="com.example.AppTest" time="0">
<system-out><![CDATA[
unique-id: [engine:junit-jupiter]/[class:com.example.AppTest]/[test-template:should_answer_with_true(int)]/[test-template-invocation:#488]
display-name: [488] 487
]]></system-out>
</testcase>
<testcase name="should_answer_with_true(int)[126]" classname="com.example.AppTest" time="0">
<system-out><![CDATA[
unique-id: [engine:junit-jupiter]/[class:com.example.AppTest]/[test-template:should_answer_with_true(int)]/[test-template-invocation:#126]
display-name: [126] 125
]]></system-out>
</testcase>
<testcase name="should_answer_with_true(int)[247]" classname="com.example.AppTest" time="0">
<system-out><![CDATA[
unique-id: [engine:junit-jupiter]/[class:com.example.AppTest]/[test-template:should_answer_with_true(int)]/[test-template-invocation:#247]
display-name: [247] 246
]]></system-out>
</testcase>
<testcase name="should_answer_with_true(int)[368]" classname="com.example.AppTest" time="0">
<system-out><![CDATA[
unique-id: [engine:junit-jupiter]/[class:com.example.AppTest]/[test-template:should_answer_with_true(int)]/[test-template-invocation:#368]
display-name: [368] 367
]]></system-out>
</testcase>
<testcase name="should_answer_with_true(int)[489]" classname="com.example.AppTest" time="0">
<system-out><![CDATA[
unique-id: [engine:junit-jupiter]/[class:com.example.AppTest]/[test-template:should_answer_with_true(int)]/[test-template-invocation:#489]
display-name: [489] 488
]]></system-out>
</testcase>
<testcase name="should_answer_with_true(int)[127]" classname="com.example.AppTest" time="0">
<system-out><![CDATA[
unique-id: [engine:junit-jupiter]/[class:com.example.AppTest]/[test-template:should_answer_with_true(int)]/[test-template-invocation:#127]
display-name: [127] 126
]]></system-out>
</testcase>
<testcase name="should_answer_with_true(int)[248]" classname="com.example.AppTest" time="0">
<system-out><![CDATA[
unique-id: [engine:junit-jupiter]/[class:com.example.AppTest]/[test-template:should_answer_with_true(int)]/[test-template-invocation:#248]
display-name: [248] 247
]]></system-out>
</testcase>
<testcase name="should_answer_with_true(int)[369]" classname="com.example.AppTest" time="0">
<system-out><![CDATA[
unique-id: [engine:junit-jupiter]/[class:com.example.AppTest]/[test-template:should_answer_with_true(int)]/[test-template-invocation:#369]
display-name: [369] 368
]]></system-out>
</testcase>
<testcase name="should_answer_with_true(int)[120]" classname="com.example.AppTest" time="0">
<system-out><![CDATA[
unique-id: [engine:junit-jupiter]/[class:com.example.AppTest]/[test-template:should_answer_with_true(int)]/[test-template-invocation:#120]
display-name: [120] 119
]]></system-out>
</testcase>
<testcase name="should_answer_with_true(int)[241]" classname="com.example.AppTest" time="0">
<system-out><![CDATA[
unique-id: [engine:junit-jupiter]/[class:com.example.AppTest]/[test-template:should_answer_with_true(int)]/[test-template-invocation:#241]
display-name: [241] 240
]]></system-out>
</testcase>
<testcase name="should_answer_with_true(int)[362]" classname="com.example.AppTest" time="0">
<system-out><![CDATA[
unique-id: [engine:junit-jupiter]/[class:com.example.AppTest]/[test-template:should_answer_with_true(int)]/[test-template-invocation:#362]
display-name: [362] 361
]]></system-out>
</testcase>
<testcase name="should_answer_with_true(int)[483]" classname="com.example.AppTest" time="0">
<system-out><![CDATA[
unique-id: [engine:junit-jupiter]/[class:com.example.AppTest]/[test-template:should_answer_with_true(int)]/[test-template-invocation:#483]
display-name: [483] 482
]]></system-out>
</testcase>
<testcase name="should_answer_with_true(int)[121]" classname="com.example.AppTest" time="0">
<system-out><![CDATA[
unique-id: [engine:junit-jupiter]/[class:com.example.AppTest]/[test-template:should_answer_with_true(int)]/[test-template-invocation:#121]
display-name: [121] 120
]]></system-out>
</testcase>
<testcase name="should_answer_with_true(int)[242]" classname="com.example.AppTest" time="0">
<system-out><![CDATA[
unique-id: [engine:junit-jupiter]/[class:com.example.AppTest]/[test-template:should_answer_with_true(int)]/[test-template-invocation:#242]
display-name: [242] 241
]]></system-out>
</testcase>
<testcase name="should_answer_with_true(int)[363]" classname="com.example.AppTest" time="0">
<system-out><![CDATA[
unique-id: [engine:junit-jupiter]/[class:com.example.AppTest]/[test-template:should_answer_with_true(int)]/[test-template-invocation:#363]
display-name: [363] 362
]]></system-out>
</testcase>
<testcase name="should_answer_with_true(int)[484]" classname="com.example.AppTest" time="0">
<system-out><![CDATA[
unique-id: [engine:junit-jupiter]/[class:com.example.AppTest]/[test-template:should_answer_with_true(int)]/[test-template-invocation:#484]
display-name: [484] 483
]]></system-out>
</testcase>
<testcase name="should_answer_with_true(int)[122]" classname="com.example.AppTest" time="0">
<system-out><![CDATA[
unique-id: [engine:junit-jupiter]/[class:com.example.AppTest]/[test-template:should_answer_with_true(int)]/[test-template-invocation:#122]
display-name: [122] 121
]]></system-out>
</testcase>
<testcase name="should_answer_with_true(int)[243]" classname="com.example.AppTest" time="0">
<system-out><![CDATA[
unique-id: [engine:junit-jupiter]/[class:com.example.AppTest]/[test-template:should_answer_with_true(int)]/[test-template-invocation:#243]
display-name: [243] 242
]]></system-out>
</testcase>
<testcase name="should_answer_with_true(int)[364]" classname="com.example.AppTest" time="0">
<system-out><![CDATA[
unique-id: [engine:junit-jupiter]/[class:com.example.AppTest]/[test-template:should_answer_with_true(int)]/[test-template-invocation:#364]
display-name: [364] 363
]]></system-out>
</testcase>
<testcase name="should_answer_with_true(int)[485]" classname="com.example.AppTest" time="0">
<system-out><![CDATA[
unique-id: [engine:junit-jupiter]/[class:com.example.AppTest]/[test-template:should_answer_with_true(int)]/[test-template-invocation:#485]
display-name: [485] 484
]]></system-out>
</testcase>
<testcase name="should_answer_with_true(int)[123]" classname="com.example.AppTest" time="0">
<system-out><![CDATA[
unique-id: [engine:junit-jupiter]/[class:com.example.AppTest]/[test-template:should_answer_with_true(int)]/[test-template-invocation:#123]
display-name: [123] 122
]]></system-out>
</testcase>
<testcase name="should_answer_with_true(int)[244]" classname="com.example.AppTest" time="0">
<system-out><![CDATA[
unique-id: [engine:junit-jupiter]/[class:com.example.AppTest]/[test-template:should_answer_with_true(int)]/[test-template-invocation:#244]
display-name: [244] 243
]]></system-out>
</testcase>
<testcase name="should_answer_with_true(int)[365]" classname="com.example.AppTest" time="0">
<system-out><![CDATA[
unique-id: [engine:junit-jupiter]/[class:com.example.AppTest]/[test-template:should_answer_with_true(int)]/[test-template-invocation:#365]
display-name: [365] 364
]]></system-out>
</testcase>
<testcase name="should_answer_with_true(int)[486]" classname="com.example.AppTest" time="0">
<system-out><![CDATA[
unique-id: [engine:junit-jupiter]/[class:com.example.AppTest]/[test-template:should_answer_with_true(int)]/[test-template-invocation:#486]
display-name: [486] 485
]]></system-out>
</testcase>
<testcase name="should_answer_with_true(int)[480]" classname="com.example.AppTest" time="0">
<system-out><![CDATA[
unique-id: [engine:junit-jupiter]/[class:com.example.AppTest]/[test-template:should_answer_with_true(int)]/[test-template-invocation:#480]
display-name: [480] 479
]]></system-out>
</testcase>
<testcase name="should_answer_with_true(int)[360]" classname="com.example.AppTest" time="0">
<system-out><![CDATA[
unique-id: [engine:junit-jupiter]/[class:com.example.AppTest]/[test-template:should_answer_with_true(int)]/[test-template-invocation:#360]
display-name: [360] 359
]]></system-out>
</testcase>
<testcase name="should_answer_with_true(int)[481]" classname="com.example.AppTest" time="0">
<system-out><![CDATA[
unique-id: [engine:junit-jupiter]/[class:com.example.AppTest]/[test-template:should_answer_with_true(int)]/[test-template-invocation:#481]
display-name: [481] 480
]]></system-out>
</testcase>
<testcase name="should_answer_with_true(int)[240]" classname="com.example.AppTest" time="0">
<system-out><![CDATA[
unique-id: [engine:junit-jupiter]/[class:com.example.AppTest]/[test-template:should_answer_with_true(int)]/[test-template-invocation:#240]
display-name: [240] 239
]]></system-out>
</testcase>
<testcase name="should_answer_with_true(int)[361]" classname="com.example.AppTest" time="0">
<system-out><![CDATA[
unique-id: [engine:junit-jupiter]/[class:com.example.AppTest]/[test-template:should_answer_with_true(int)]/[test-template-invocation:#361]
display-name: [361] 360
]]></system-out>
</testcase>
<testcase name="should_answer_with_true(int)[482]" classname="com.example.AppTest" time="0">
<system-out><![CDATA[
unique-id: [engine:junit-jupiter]/[class:com.example.AppTest]/[test-template:should_answer_with_true(int)]/[test-template-invocation:#482]
display-name: [482] 481
]]></system-out>
</testcase>
<testcase name="should_answer_with_true(int)[106]" classname="com.example.AppTest" time="0">
<system-out><![CDATA[
unique-id: [engine:junit-jupiter]/[class:com.example.AppTest]/[test-template:should_answer_with_true(int)]/[test-template-invocation:#106]
display-name: [106] 105
]]></system-out>
</testcase>
<testcase name="should_answer_with_true(int)[227]" classname="com.example.AppTest" time="0">
<system-out><![CDATA[
unique-id: [engine:junit-jupiter]/[class:com.example.AppTest]/[test-template:should_answer_with_true(int)]/[test-template-invocation:#227]
display-name: [227] 226
]]></system-out>
</testcase>
<testcase name="should_answer_with_true(int)[348]" classname="com.example.AppTest" time="0">
<system-out><![CDATA[
unique-id: [engine:junit-jupiter]/[class:com.example.AppTest]/[test-template:should_answer_with_true(int)]/[test-template-invocation:#348]
display-name: [348] 347
]]></system-out>
</testcase>
<testcase name="should_answer_with_true(int)[469]" classname="com.example.AppTest" time="0">
<system-out><![CDATA[
unique-id: [engine:junit-jupiter]/[class:com.example.AppTest]/[test-template:should_answer_with_true(int)]/[test-template-invocation:#469]
display-name: [469] 468
]]></system-out>
</testcase>
<testcase name="should_answer_with_true(int)[107]" classname="com.example.AppTest" time="0">
<system-out><![CDATA[
unique-id: [engine:junit-jupiter]/[class:com.example.AppTest]/[test-template:should_answer_with_true(int)]/[test-template-invocation:#107]
display-name: [107] 106
]]></system-out>
</testcase>
<testcase name="should_answer_with_true(int)[228]" classname="com.example.AppTest" time="0">
<system-out><![CDATA[
unique-id: [engine:junit-jupiter]/[class:com.example.AppTest]/[test-template:should_answer_with_true(int)]/[test-template-invocation:#228]
display-name: [228] 227
]]></system-out>
</testcase>
<testcase name="should_answer_with_true(int)[349]" classname="com.example.AppTest" time="0">
<system-out><![CDATA[
unique-id: [engine:junit-jupiter]/[class:com.example.AppTest]/[test-template:should_answer_with_true(int)]/[test-template-invocation:#349]
display-name: [349] 348
]]></system-out>
</testcase>
<testcase name="should_answer_with_true(int)[108]" classname="com.example.AppTest" time="0">
<system-out><![CDATA[
unique-id: [engine:junit-jupiter]/[class:com.example.AppTest]/[test-template:should_answer_with_true(int)]/[test-template-invocation:#108]
display-name: [108] 107
]]></system-out>
</testcase>
<testcase name="should_answer_with_true(int)[229]" classname="com.example.AppTest" time="0">
<system-out><![CDATA[
unique-id: [engine:junit-jupiter]/[class:com.example.AppTest]/[test-template:should_answer_with_true(int)]/[test-template-invocation:#229]
display-name: [229] 228
]]></system-out>
</testcase>
<testcase name="should_answer_with_true(int)[109]" classname="com.example.AppTest" time="0">
<system-out><![CDATA[
unique-id: [engine:junit-jupiter]/[class:com.example.AppTest]/[test-template:should_answer_with_true(int)]/[test-template-invocation:#109]
display-name: [109] 108
]]></system-out>
</testcase>
<testcase name="should_answer_with_true(int)[113]" classname="com.example.AppTest" time="0">
<system-out><![CDATA[
unique-id: [engine:junit-jupiter]/[class:com.example.AppTest]/[test-template:should_answer_with_true(int)]/[test-template-invocation:#113]
display-name: [113] 112
]]></system-out>
</testcase>
<testcase name="should_answer_with_true(int)[234]" classname="com.example.AppTest" time="0">
<system-out><![CDATA[
unique-id: [engine:junit-jupiter]/[class:com.example.AppTest]/[test-template:should_answer_with_true(int)]/[test-template-invocation:#234]
display-name: [234] 233
]]></system-out>
</testcase>
<testcase name="should_answer_with_true(int)[355]" classname="com.example.AppTest" time="0">
<system-out><![CDATA[
unique-id: [engine:junit-jupiter]/[class:com.example.AppTest]/[test-template:should_answer_with_true(int)]/[test-template-invocation:#355]
display-name: [355] 354
]]></system-out>
</testcase>
<testcase name="should_answer_with_true(int)[476]" classname="com.example.AppTest" time="0">
<system-out><![CDATA[
unique-id: [engine:junit-jupiter]/[class:com.example.AppTest]/[test-template:should_answer_with_true(int)]/[test-template-invocation:#476]
display-name: [476] 475
]]></system-out>
</testcase>
<testcase name="should_answer_with_true(int)[114]" classname="com.example.AppTest" time="0">
<system-out><![CDATA[
unique-id: [engine:junit-jupiter]/[class:com.example.AppTest]/[test-template:should_answer_with_true(int)]/[test-template-invocation:#114]
display-name: [114] 113
]]></system-out>
</testcase>
<testcase name="should_answer_with_true(int)[235]" classname="com.example.AppTest" time="0">
<system-out><![CDATA[
unique-id: [engine:junit-jupiter]/[class:com.example.AppTest]/[test-template:should_answer_with_true(int)]/[test-template-invocation:#235]
display-name: [235] 234
]]></system-out>
</testcase>
<testcase name="should_answer_with_true(int)[356]" classname="com.example.AppTest" time="0">
<system-out><![CDATA[
unique-id: [engine:junit-jupiter]/[class:com.example.AppTest]/[test-template:should_answer_with_true(int)]/[test-template-invocation:#356]
display-name: [356] 355
]]></system-out>
</testcase>
<testcase name="should_answer_with_true(int)[477]" classname="com.example.AppTest" time="0">
<system-out><![CDATA[
unique-id: [engine:junit-jupiter]/[class:com.example.AppTest]/[test-template:should_answer_with_true(int)]/[test-template-invocation:#477]
display-name: [477] 476
]]></system-out>
</testcase>
<testcase name="should_answer_with_true(int)[115]" classname="com.example.AppTest" time="0">
<system-out><![CDATA[
unique-id: [engine:junit-jupiter]/[class:com.example.AppTest]/[test-template:should_answer_with_true(int)]/[test-template-invocation:#115]
display-name: [115] 114
]]></system-out>
</testcase>
<testcase name="should_answer_with_true(int)[236]" classname="com.example.AppTest" time="0">
<system-out><![CDATA[
unique-id: [engine:junit-jupiter]/[class:com.example.AppTest]/[test-template:should_answer_with_true(int)]/[test-template-invocation:#236]
display-name: [236] 235
]]></system-out>
</testcase>
<testcase name="should_answer_with_true(int)[357]" classname="com.example.AppTest" time="0">
<system-out><![CDATA[
unique-id: [engine:junit-jupiter]/[class:com.example.AppTest]/[test-template:should_answer_with_true(int)]/[test-template-invocation:#357]
display-name: [357] 356
]]></system-out>
</testcase>
<testcase name="should_answer_with_true(int)[478]" classname="com.example.AppTest" time="0">
<system-out><![CDATA[
unique-id: [engine:junit-jupiter]/[class:com.example.AppTest]/[test-template:should_answer_with_true(int)]/[test-template-invocation:#478]
display-name: [478] 477
]]></system-out>
</testcase>
<testcase name="should_answer_with_true(int)[116]" classname="com.example.AppTest" time="0">
<system-out><![CDATA[
unique-id: [engine:junit-jupiter]/[class:com.example.AppTest]/[test-template:should_answer_with_true(int)]/[test-template-invocation:#116]
display-name: [116] 115
]]></system-out>
</testcase>
<testcase name="should_answer_with_true(int)[237]" classname="com.example.AppTest" time="0">
<system-out><![CDATA[
unique-id: [engine:junit-jupiter]/[class:com.example.AppTest]/[test-template:should_answer_with_true(int)]/[test-template-invocation:#237]
display-name: [237] 236
]]></system-out>
</testcase>
<testcase name="should_answer_with_true(int)[358]" classname="com.example.AppTest" time="0">
<system-out><![CDATA[
unique-id: [engine:junit-jupiter]/[class:com.example.AppTest]/[test-template:should_answer_with_true(int)]/[test-template-invocation:#358]
display-name: [358] 357
]]></system-out>
</testcase>
<testcase name="should_answer_with_true(int)[479]" classname="com.example.AppTest" time="0">
<system-out><![CDATA[
unique-id: [engine:junit-jupiter]/[class:com.example.AppTest]/[test-template:should_answer_with_true(int)]/[test-template-invocation:#479]
display-name: [479] 478
]]></system-out>
</testcase>
<testcase name="should_answer_with_true(int)[230]" classname="com.example.AppTest" time="0">
<system-out><![CDATA[
unique-id: [engine:junit-jupiter]/[class:com.example.AppTest]/[test-template:should_answer_with_true(int)]/[test-template-invocation:#230]
display-name: [230] 229
]]></system-out>
</testcase>
<testcase name="should_answer_with_true(int)[351]" classname="com.example.AppTest" time="0">
<system-out><![CDATA[
unique-id: [engine:junit-jupiter]/[class:com.example.AppTest]/[test-template:should_answer_with_true(int)]/[test-template-invocation:#351]
display-name: [351] 350
]]></system-out>
</testcase>
<testcase name="should_answer_with_true(int)[472]" classname="com.example.AppTest" time="0">
<system-out><![CDATA[
unique-id: [engine:junit-jupiter]/[class:com.example.AppTest]/[test-template:should_answer_with_true(int)]/[test-template-invocation:#472]
display-name: [472] 471
]]></system-out>
</testcase>
<testcase name="should_answer_with_true(int)[110]" classname="com.example.AppTest" time="0">
<system-out><![CDATA[
unique-id: [engine:junit-jupiter]/[class:com.example.AppTest]/[test-template:should_answer_with_true(int)]/[test-template-invocation:#110]
display-name: [110] 109
]]></system-out>
</testcase>
<testcase name="should_answer_with_true(int)[231]" classname="com.example.AppTest" time="0">
<system-out><![CDATA[
unique-id: [engine:junit-jupiter]/[class:com.example.AppTest]/[test-template:should_answer_with_true(int)]/[test-template-invocation:#231]
display-name: [231] 230
]]></system-out>
</testcase>
<testcase name="should_answer_with_true(int)[352]" classname="com.example.AppTest" time="0">
<system-out><![CDATA[
unique-id: [engine:junit-jupiter]/[class:com.example.AppTest]/[test-template:should_answer_with_true(int)]/[test-template-invocation:#352]
display-name: [352] 351
]]></system-out>
</testcase>
<testcase name="should_answer_with_true(int)[473]" classname="com.example.AppTest" time="0">
<system-out><![CDATA[
unique-id: [engine:junit-jupiter]/[class:com.example.AppTest]/[test-template:should_answer_with_true(int)]/[test-template-invocation:#473]
display-name: [473] 472
]]></system-out>
</testcase>
<testcase name="should_answer_with_true(int)[111]" classname="com.example.AppTest" time="0">
<system-out><![CDATA[
unique-id: [engine:junit-jupiter]/[class:com.example.AppTest]/[test-template:should_answer_with_true(int)]/[test-template-invocation:#111]
display-name: [111] 110
]]></system-out>
</testcase>
<testcase name="should_answer_with_true(int)[232]" classname="com.example.AppTest" time="0">
<system-out><![CDATA[
unique-id: [engine:junit-jupiter]/[class:com.example.AppTest]/[test-template:should_answer_with_true(int)]/[test-template-invocation:#232]
display-name: [232] 231
]]></system-out>
</testcase>
<testcase name="should_answer_with_true(int)[353]" classname="com.example.AppTest" time="0">
<system-out><![CDATA[
unique-id: [engine:junit-jupiter]/[class:com.example.AppTest]/[test-template:should_answer_with_true(int)]/[test-template-invocation:#353]
display-name: [353] 352
]]></system-out>
</testcase>
<testcase name="should_answer_with_true(int)[474]" classname="com.example.AppTest" time="0">
<system-out><![CDATA[
unique-id: [engine:junit-jupiter]/[class:com.example.AppTest]/[test-template:should_answer_with_true(int)]/[test-template-invocation:#474]
display-name: [474] 473
]]></system-out>
</testcase>
<testcase name="should_answer_with_true(int)[112]" classname="com.example.AppTest" time="0">
<system-out><![CDATA[
unique-id: [engine:junit-jupiter]/[class:com.example.AppTest]/[test-template:should_answer_with_true(int)]/[test-template-invocation:#112]
display-name: [112] 111
]]></system-out>
</testcase>
<testcase name="should_answer_with_true(int)[233]" classname="com.example.AppTest" time="0">
<system-out><![CDATA[
unique-id: [engine:junit-jupiter]/[class:com.example.AppTest]/[test-template:should_answer_with_true(int)]/[test-template-invocation:#233]
display-name: [233] 232
]]></system-out>
</testcase>
<testcase name="should_answer_with_true(int)[354]" classname="com.example.AppTest" time="0">
<system-out><![CDATA[
unique-id: [engine:junit-jupiter]/[class:com.example.AppTest]/[test-template:should_answer_with_true(int)]/[test-template-invocation:#354]
display-name: [354] 353
]]></system-out>
</testcase>
<testcase name="should_answer_with_true(int)[475]" classname="com.example.AppTest" time="0">
<system-out><![CDATA[
unique-id: [engine:junit-jupiter]/[class:com.example.AppTest]/[test-template:should_answer_with_true(int)]/[test-template-invocation:#475]
display-name: [475] 474
]]></system-out>
</testcase>
<testcase name="should_answer_with_true(int)[470]" classname="com.example.AppTest" time="0">
<system-out><![CDATA[
unique-id: [engine:junit-jupiter]/[class:com.example.AppTest]/[test-template:should_answer_with_true(int)]/[test-template-invocation:#470]
display-name: [470] 469
]]></system-out>
</testcase>
<testcase name="should_answer_with_true(int)[350]" classname="com.example.AppTest" time="0">
<system-out><![CDATA[
unique-id: [engine:junit-jupiter]/[class:com.example.AppTest]/[test-template:should_answer_with_true(int)]/[test-template-invocation:#350]
display-name: [350] 349
]]></system-out>
</testcase>
<testcase name="should_answer_with_true(int)[471]" classname="com.example.AppTest" time="0">
<system-out><![CDATA[
unique-id: [engine:junit-jupiter]/[class:com.example.AppTest]/[test-template:should_answer_with_true(int)]/[test-template-invocation:#471]
display-name: [471] 470
]]></system-out>
</testcase>
<testcase name="should_answer_with_true(int)[139]" classname="com.example.AppTest" time="0">
<system-out><![CDATA[
unique-id: [engine:junit-jupiter]/[class:com.example.AppTest]/[test-template:should_answer_with_true(int)]/[test-template-invocation:#139]
display-name: [139] 138
]]></system-out>
</testcase>
<testcase name="should_answer_with_true(int)[146]" classname="com.example.AppTest" time="0">
<system-out><![CDATA[
unique-id: [engine:junit-jupiter]/[class:com.example.AppTest]/[test-template:should_answer_with_true(int)]/[test-template-invocation:#146]
display-name: [146] 145
]]></system-out>
</testcase>
<testcase name="should_answer_with_true(int)[267]" classname="com.example.AppTest" time="0">
<system-out><![CDATA[
unique-id: [engine:junit-jupiter]/[class:com.example.AppTest]/[test-template:should_answer_with_true(int)]/[test-template-invocation:#267]
display-name: [267] 266
]]></system-out>
</testcase>
<testcase name="should_answer_with_true(int)[388]" classname="com.example.AppTest" time="0">
<system-out><![CDATA[
unique-id: [engine:junit-jupiter]/[class:com.example.AppTest]/[test-template:should_answer_with_true(int)]/[test-template-invocation:#388]
display-name: [388] 387
]]></system-out>
</testcase>
<testcase name="should_answer_with_true(int)[147]" classname="com.example.AppTest" time="0">
<system-out><![CDATA[
unique-id: [engine:junit-jupiter]/[class:com.example.AppTest]/[test-template:should_answer_with_true(int)]/[test-template-invocation:#147]
display-name: [147] 146
]]></system-out>
</testcase>
<testcase name="should_answer_with_true(int)[268]" classname="com.example.AppTest" time="0">
<system-out><![CDATA[
unique-id: [engine:junit-jupiter]/[class:com.example.AppTest]/[test-template:should_answer_with_true(int)]/[test-template-invocation:#268]
display-name: [268] 267
]]></system-out>
</testcase>
<testcase name="should_answer_with_true(int)[389]" classname="com.example.AppTest" time="0">
<system-out><![CDATA[
unique-id: [engine:junit-jupiter]/[class:com.example.AppTest]/[test-template:should_answer_with_true(int)]/[test-template-invocation:#389]
display-name: [389] 388
]]></system-out>
</testcase>
<testcase name="should_answer_with_true(int)[148]" classname="com.example.AppTest" time="0">
<system-out><![CDATA[
unique-id: [engine:junit-jupiter]/[class:com.example.AppTest]/[test-template:should_answer_with_true(int)]/[test-template-invocation:#148]
display-name: [148] 147
]]></system-out>
</testcase>
<testcase name="should_answer_with_true(int)[269]" classname="com.example.AppTest" time="0">
<system-out><![CDATA[
unique-id: [engine:junit-jupiter]/[class:com.example.AppTest]/[test-template:should_answer_with_true(int)]/[test-template-invocation:#269]
display-name: [269] 268
]]></system-out>
</testcase>
<testcase name="should_answer_with_true(int)[149]" classname="com.example.AppTest" time="0">
<system-out><![CDATA[
unique-id: [engine:junit-jupiter]/[class:com.example.AppTest]/[test-template:should_answer_with_true(int)]/[test-template-invocation:#149]
display-name: [149] 148
]]></system-out>
</testcase>
<testcase name="should_answer_with_true(int)[142]" classname="com.example.AppTest" time="0">
<system-out><![CDATA[
unique-id: [engine:junit-jupiter]/[class:com.example.AppTest]/[test-template:should_answer_with_true(int)]/[test-template-invocation:#142]
display-name: [142] 141
]]></system-out>
</testcase>
<testcase name="should_answer_with_true(int)[263]" classname="com.example.AppTest" time="0">
<system-out><![CDATA[
unique-id: [engine:junit-jupiter]/[class:com.example.AppTest]/[test-template:should_answer_with_true(int)]/[test-template-invocation:#263]
display-name: [263] 262
]]></system-out>
</testcase>
<testcase name="should_answer_with_true(int)[384]" classname="com.example.AppTest" time="0">
<system-out><![CDATA[
unique-id: [engine:junit-jupiter]/[class:com.example.AppTest]/[test-template:should_answer_with_true(int)]/[test-template-invocation:#384]
display-name: [384] 383
]]></system-out>
</testcase>
<testcase name="should_answer_with_true(int)[143]" classname="com.example.AppTest" time="0">
<system-out><![CDATA[
unique-id: [engine:junit-jupiter]/[class:com.example.AppTest]/[test-template:should_answer_with_true(int)]/[test-template-invocation:#143]
display-name: [143] 142
]]></system-out>
</testcase>
<testcase name="should_answer_with_true(int)[264]" classname="com.example.AppTest" time="0">
<system-out><![CDATA[
unique-id: [engine:junit-jupiter]/[class:com.example.AppTest]/[test-template:should_answer_with_true(int)]/[test-template-invocation:#264]
display-name: [264] 263
]]></system-out>
</testcase>
<testcase name="should_answer_with_true(int)[385]" classname="com.example.AppTest" time="0">
<system-out><![CDATA[
unique-id: [engine:junit-jupiter]/[class:com.example.AppTest]/[test-template:should_answer_with_true(int)]/[test-template-invocation:#385]
display-name: [385] 384
]]></system-out>
</testcase>
<testcase name="should_answer_with_true(int)[144]" classname="com.example.AppTest" time="0">
<system-out><![CDATA[
unique-id: [engine:junit-jupiter]/[class:com.example.AppTest]/[test-template:should_answer_with_true(int)]/[test-template-invocation:#144]
display-name: [144] 143
]]></system-out>
</testcase>
<testcase name="should_answer_with_true(int)[265]" classname="com.example.AppTest" time="0">
<system-out><![CDATA[
unique-id: [engine:junit-jupiter]/[class:com.example.AppTest]/[test-template:should_answer_with_true(int)]/[test-template-invocation:#265]
display-name: [265] 264
]]></system-out>
</testcase>
<testcase name="should_answer_with_true(int)[386]" classname="com.example.AppTest" time="0">
<system-out><![CDATA[
unique-id: [engine:junit-jupiter]/[class:com.example.AppTest]/[test-template:should_answer_with_true(int)]/[test-template-invocation:#386]
display-name: [386] 385
]]></system-out>
</testcase>
<testcase name="should_answer_with_true(int)[145]" classname="com.example.AppTest" time="0">
<system-out><![CDATA[
unique-id: [engine:junit-jupiter]/[class:com.example.AppTest]/[test-template:should_answer_with_true(int)]/[test-template-invocation:#145]
display-name: [145] 144
]]></system-out>
</testcase>
<testcase name="should_answer_with_true(int)[266]" classname="com.example.AppTest" time="0">
<system-out><![CDATA[
unique-id: [engine:junit-jupiter]/[class:com.example.AppTest]/[test-template:should_answer_with_true(int)]/[test-template-invocation:#266]
display-name: [266] 265
]]></system-out>
</testcase>
<testcase name="should_answer_with_true(int)[387]" classname="com.example.AppTest" time="0">
<system-out><![CDATA[
unique-id: [engine:junit-jupiter]/[class:com.example.AppTest]/[test-template:should_answer_with_true(int)]/[test-template-invocation:#387]
display-name: [387] 386
]]></system-out>
</testcase>
<testcase name="should_answer_with_true(int)[380]" classname="com.example.AppTest" time="0">
<system-out><![CDATA[
unique-id: [engine:junit-jupiter]/[class:com.example.AppTest]/[test-template:should_answer_with_true(int)]/[test-template-invocation:#380]
display-name: [380] 379
]]></system-out>
</testcase>
<testcase name="should_answer_with_true(int)[260]" classname="com.example.AppTest" time="0">
<system-out><![CDATA[
unique-id: [engine:junit-jupiter]/[class:com.example.AppTest]/[test-template:should_answer_with_true(int)]/[test-template-invocation:#260]
display-name: [260] 259
]]></system-out>
</testcase>
<testcase name="should_answer_with_true(int)[381]" classname="com.example.AppTest" time="0">
<system-out><![CDATA[
unique-id: [engine:junit-jupiter]/[class:com.example.AppTest]/[test-template:should_answer_with_true(int)]/[test-template-invocation:#381]
display-name: [381] 380
]]></system-out>
</testcase>
<testcase name="should_answer_with_true(int)[140]" classname="com.example.AppTest" time="0">
<system-out><![CDATA[
unique-id: [engine:junit-jupiter]/[class:com.example.AppTest]/[test-template:should_answer_with_true(int)]/[test-template-invocation:#140]
display-name: [140] 139
]]></system-out>
</testcase>
<testcase name="should_answer_with_true(int)[261]" classname="com.example.AppTest" time="0">
<system-out><![CDATA[
unique-id: [engine:junit-jupiter]/[class:com.example.AppTest]/[test-template:should_answer_with_true(int)]/[test-template-invocation:#261]
display-name: [261] 260
]]></system-out>
</testcase>
<testcase name="should_answer_with_true(int)[382]" classname="com.example.AppTest" time="0">
<system-out><![CDATA[
unique-id: [engine:junit-jupiter]/[class:com.example.AppTest]/[test-template:should_answer_with_true(int)]/[test-template-invocation:#382]
display-name: [382] 381
]]></system-out>
</testcase>
<testcase name="should_answer_with_true(int)[141]" classname="com.example.AppTest" time="0">
<system-out><![CDATA[
unique-id: [engine:junit-jupiter]/[class:com.example.AppTest]/[test-template:should_answer_with_true(int)]/[test-template-invocation:#141]
display-name: [141] 140
]]></system-out>
</testcase>
<testcase name="should_answer_with_true(int)[262]" classname="com.example.AppTest" time="0">
<system-out><![CDATA[
unique-id: [engine:junit-jupiter]/[class:com.example.AppTest]/[test-template:should_answer_with_true(int)]/[test-template-invocation:#262]
display-name: [262] 261
]]></system-out>
</testcase>
<testcase name="should_answer_with_true(int)[383]" classname="com.example.AppTest" time="0">
<system-out><![CDATA[
unique-id: [engine:junit-jupiter]/[class:com.example.AppTest]/[test-template:should_answer_with_true(int)]/[test-template-invocation:#383]
display-name: [383] 382
]]></system-out>
</testcase>
<testcase name="should_answer_with_true(int)[128]" classname="com.example.AppTest" time="0">
<system-out><![CDATA[
unique-id: [engine:junit-jupiter]/[class:com.example.AppTest]/[test-template:should_answer_with_true(int)]/[test-template-invocation:#128]
display-name: [128] 127
]]></system-out>
</testcase>
<testcase name="should_answer_with_true(int)[249]" classname="com.example.AppTest" time="0">
<system-out><![CDATA[
unique-id: [engine:junit-jupiter]/[class:com.example.AppTest]/[test-template:should_answer_with_true(int)]/[test-template-invocation:#249]
display-name: [249] 248
]]></system-out>
</testcase>
<testcase name="should_answer_with_true(int)[129]" classname="com.example.AppTest" time="0">
<system-out><![CDATA[
unique-id: [engine:junit-jupiter]/[class:com.example.AppTest]/[test-template:should_answer_with_true(int)]/[test-template-invocation:#129]
display-name: [129] 128
]]></system-out>
</testcase>
<testcase name="should_answer_with_true(int)[135]" classname="com.example.AppTest" time="0">
<system-out><![CDATA[
unique-id: [engine:junit-jupiter]/[class:com.example.AppTest]/[test-template:should_answer_with_true(int)]/[test-template-invocation:#135]
display-name: [135] 134
]]></system-out>
</testcase>
<testcase name="should_answer_with_true(int)[256]" classname="com.example.AppTest" time="0">
<system-out><![CDATA[
unique-id: [engine:junit-jupiter]/[class:com.example.AppTest]/[test-template:should_answer_with_true(int)]/[test-template-invocation:#256]
display-name: [256] 255
]]></system-out>
</testcase>
<testcase name="should_answer_with_true(int)[377]" classname="com.example.AppTest" time="0">
<system-out><![CDATA[
unique-id: [engine:junit-jupiter]/[class:com.example.AppTest]/[test-template:should_answer_with_true(int)]/[test-template-invocation:#377]
display-name: [377] 376
]]></system-out>
</testcase>
<testcase name="should_answer_with_true(int)[498]" classname="com.example.AppTest" time="0">
<system-out><![CDATA[
unique-id: [engine:junit-jupiter]/[class:com.example.AppTest]/[test-template:should_answer_with_true(int)]/[test-template-invocation:#498]
display-name: [498] 497
]]></system-out>
</testcase>
<testcase name="should_answer_with_true(int)[136]" classname="com.example.AppTest" time="0">
<system-out><![CDATA[
unique-id: [engine:junit-jupiter]/[class:com.example.AppTest]/[test-template:should_answer_with_true(int)]/[test-template-invocation:#136]
display-name: [136] 135
]]></system-out>
</testcase>
<testcase name="should_answer_with_true(int)[257]" classname="com.example.AppTest" time="0">
<system-out><![CDATA[
unique-id: [engine:junit-jupiter]/[class:com.example.AppTest]/[test-template:should_answer_with_true(int)]/[test-template-invocation:#257]
display-name: [257] 256
]]></system-out>
</testcase>
<testcase name="should_answer_with_true(int)[378]" classname="com.example.AppTest" time="0">
<system-out><![CDATA[
unique-id: [engine:junit-jupiter]/[class:com.example.AppTest]/[test-template:should_answer_with_true(int)]/[test-template-invocation:#378]
display-name: [378] 377
]]></system-out>
</testcase>
<testcase name="should_answer_with_true(int)[499]" classname="com.example.AppTest" time="0">
<system-out><![CDATA[
unique-id: [engine:junit-jupiter]/[class:com.example.AppTest]/[test-template:should_answer_with_true(int)]/[test-template-invocation:#499]
display-name: [499] 498
]]></system-out>
</testcase>
<testcase name="should_answer_with_true(int)[137]" classname="com.example.AppTest" time="0">
<system-out><![CDATA[
unique-id: [engine:junit-jupiter]/[class:com.example.AppTest]/[test-template:should_answer_with_true(int)]/[test-template-invocation:#137]
display-name: [137] 136
]]></system-out>
</testcase>
<testcase name="should_answer_with_true(int)[258]" classname="com.example.AppTest" time="0">
<system-out><![CDATA[
unique-id: [engine:junit-jupiter]/[class:com.example.AppTest]/[test-template:should_answer_with_true(int)]/[test-template-invocation:#258]
display-name: [258] 257
]]></system-out>
</testcase>
<testcase name="should_answer_with_true(int)[379]" classname="com.example.AppTest" time="0">
<system-out><![CDATA[
unique-id: [engine:junit-jupiter]/[class:com.example.AppTest]/[test-template:should_answer_with_true(int)]/[test-template-invocation:#379]
display-name: [379] 378
]]></system-out>
</testcase>
<testcase name="should_answer_with_true(int)[138]" classname="com.example.AppTest" time="0">
<system-out><![CDATA[
unique-id: [engine:junit-jupiter]/[class:com.example.AppTest]/[test-template:should_answer_with_true(int)]/[test-template-invocation:#138]
display-name: [138] 137
]]></system-out>
</testcase>
<testcase name="should_answer_with_true(int)[259]" classname="com.example.AppTest" time="0">
<system-out><![CDATA[
unique-id: [engine:junit-jupiter]/[class:com.example.AppTest]/[test-template:should_answer_with_true(int)]/[test-template-invocation:#259]
display-name: [259] 258
]]></system-out>
</testcase>
<testcase name="should_answer_with_true(int)[131]" classname="com.example.AppTest" time="0">
<system-out><![CDATA[
unique-id: [engine:junit-jupiter]/[class:com.example.AppTest]/[test-template:should_answer_with_true(int)]/[test-template-invocation:#131]
display-name: [131] 130
]]></system-out>
</testcase>
<testcase name="should_answer_with_true(int)[252]" classname="com.example.AppTest" time="0">
<system-out><![CDATA[
unique-id: [engine:junit-jupiter]/[class:com.example.AppTest]/[test-template:should_answer_with_true(int)]/[test-template-invocation:#252]
display-name: [252] 251
]]></system-out>
</testcase>
<testcase name="should_answer_with_true(int)[373]" classname="com.example.AppTest" time="0">
<system-out><![CDATA[
unique-id: [engine:junit-jupiter]/[class:com.example.AppTest]/[test-template:should_answer_with_true(int)]/[test-template-invocation:#373]
display-name: [373] 372
]]></system-out>
</testcase>
<testcase name="should_answer_with_true(int)[494]" classname="com.example.AppTest" time="0">
<system-out><![CDATA[
unique-id: [engine:junit-jupiter]/[class:com.example.AppTest]/[test-template:should_answer_with_true(int)]/[test-template-invocation:#494]
display-name: [494] 493
]]></system-out>
</testcase>
<testcase name="should_answer_with_true(int)[132]" classname="com.example.AppTest" time="0">
<system-out><![CDATA[
unique-id: [engine:junit-jupiter]/[class:com.example.AppTest]/[test-template:should_answer_with_true(int)]/[test-template-invocation:#132]
display-name: [132] 131
]]></system-out>
</testcase>
<testcase name="should_answer_with_true(int)[253]" classname="com.example.AppTest" time="0">
<system-out><![CDATA[
unique-id: [engine:junit-jupiter]/[class:com.example.AppTest]/[test-template:should_answer_with_true(int)]/[test-template-invocation:#253]
display-name: [253] 252
]]></system-out>
</testcase>
<testcase name="should_answer_with_true(int)[374]" classname="com.example.AppTest" time="0">
<system-out><![CDATA[
unique-id: [engine:junit-jupiter]/[class:com.example.AppTest]/[test-template:should_answer_with_true(int)]/[test-template-invocation:#374]
display-name: [374] 373
]]></system-out>
</testcase>
<testcase name="should_answer_with_true(int)[495]" classname="com.example.AppTest" time="0">
<system-out><![CDATA[
unique-id: [engine:junit-jupiter]/[class:com.example.AppTest]/[test-template:should_answer_with_true(int)]/[test-template-invocation:#495]
display-name: [495] 494
]]></system-out>
</testcase>
<testcase name="should_answer_with_true(int)[133]" classname="com.example.AppTest" time="0">
<system-out><![CDATA[
unique-id: [engine:junit-jupiter]/[class:com.example.AppTest]/[test-template:should_answer_with_true(int)]/[test-template-invocation:#133]
display-name: [133] 132
]]></system-out>
</testcase>
<testcase name="should_answer_with_true(int)[254]" classname="com.example.AppTest" time="0">
<system-out><![CDATA[
unique-id: [engine:junit-jupiter]/[class:com.example.AppTest]/[test-template:should_answer_with_true(int)]/[test-template-invocation:#254]
display-name: [254] 253
]]></system-out>
</testcase>
<testcase name="should_answer_with_true(int)[375]" classname="com.example.AppTest" time="0">
<system-out><![CDATA[
unique-id: [engine:junit-jupiter]/[class:com.example.AppTest]/[test-template:should_answer_with_true(int)]/[test-template-invocation:#375]
display-name: [375] 374
]]></system-out>
</testcase>
<testcase name="should_answer_with_true(int)[496]" classname="com.example.AppTest" time="0">
<system-out><![CDATA[
unique-id: [engine:junit-jupiter]/[class:com.example.AppTest]/[test-template:should_answer_with_true(int)]/[test-template-invocation:#496]
display-name: [496] 495
]]></system-out>
</testcase>
<testcase name="should_answer_with_true(int)[134]" classname="com.example.AppTest" time="0">
<system-out><![CDATA[
unique-id: [engine:junit-jupiter]/[class:com.example.AppTest]/[test-template:should_answer_with_true(int)]/[test-template-invocation:#134]
display-name: [134] 133
]]></system-out>
</testcase>
<testcase name="should_answer_with_true(int)[255]" classname="com.example.AppTest" time="0">
<system-out><![CDATA[
unique-id: [engine:junit-jupiter]/[class:com.example.AppTest]/[test-template:should_answer_with_true(int)]/[test-template-invocation:#255]
display-name: [255] 254
]]></system-out>
</testcase>
<testcase name="should_answer_with_true(int)[376]" classname="com.example.AppTest" time="0">
<system-out><![CDATA[
unique-id: [engine:junit-jupiter]/[class:com.example.AppTest]/[test-template:should_answer_with_true(int)]/[test-template-invocation:#376]
display-name: [376] 375
]]></system-out>
</testcase>
<testcase name="should_answer_with_true(int)[497]" classname="com.example.AppTest" time="0">
<system-out><![CDATA[
unique-id: [engine:junit-jupiter]/[class:com.example.AppTest]/[test-template:should_answer_with_true(int)]/[test-template-invocation:#497]
display-name: [497] 496
]]></system-out>
</testcase>
<testcase name="should_answer_with_true(int)[490]" classname="com.example.AppTest" time="0">
<system-out><![CDATA[
unique-id: [engine:junit-jupiter]/[class:com.example.AppTest]/[test-template:should_answer_with_true(int)]/[test-template-invocation:#490]
display-name: [490] 489
]]></system-out>
</testcase>
<testcase name="should_answer_with_true(int)[370]" classname="com.example.AppTest" time="0">
<system-out><![CDATA[
unique-id: [engine:junit-jupiter]/[class:com.example.AppTest]/[test-template:should_answer_with_true(int)]/[test-template-invocation:#370]
display-name: [370] 369
]]></system-out>
</testcase>
<testcase name="should_answer_with_true(int)[491]" classname="com.example.AppTest" time="0">
<system-out><![CDATA[
unique-id: [engine:junit-jupiter]/[class:com.example.AppTest]/[test-template:should_answer_with_true(int)]/[test-template-invocation:#491]
display-name: [491] 490
]]></system-out>
</testcase>
<testcase name="should_answer_with_true(int)[250]" classname="com.example.AppTest" time="0">
<system-out><![CDATA[
unique-id: [engine:junit-jupiter]/[class:com.example.AppTest]/[test-template:should_answer_with_true(int)]/[test-template-invocation:#250]
display-name: [250] 249
]]></system-out>
</testcase>
<testcase name="should_answer_with_true(int)[371]" classname="com.example.AppTest" time="0">
<system-out><![CDATA[
unique-id: [engine:junit-jupiter]/[class:com.example.AppTest]/[test-template:should_answer_with_true(int)]/[test-template-invocation:#371]
display-name: [371] 370
]]></system-out>
</testcase>
<testcase name="should_answer_with_true(int)[492]" classname="com.example.AppTest" time="0">
<system-out><![CDATA[
unique-id: [engine:junit-jupiter]/[class:com.example.AppTest]/[test-template:should_answer_with_true(int)]/[test-template-invocation:#492]
display-name: [492] 491
]]></system-out>
</testcase>
<testcase name="should_answer_with_true(int)[130]" classname="com.example.AppTest" time="0">
<system-out><![CDATA[
unique-id: [engine:junit-jupiter]/[class:com.example.AppTest]/[test-template:should_answer_with_true(int)]/[test-template-invocation:#130]
display-name: [130] 129
]]></system-out>
</testcase>
<testcase name="should_answer_with_true(int)[251]" classname="com.example.AppTest" time="0">
<system-out><![CDATA[
unique-id: [engine:junit-jupiter]/[class:com.example.AppTest]/[test-template:should_answer_with_true(int)]/[test-template-invocation:#251]
display-name: [251] 250
]]></system-out>
</testcase>
<testcase name="should_answer_with_true(int)[372]" classname="com.example.AppTest" time="0">
<system-out><![CDATA[
unique-id: [engine:junit-jupiter]/[class:com.example.AppTest]/[test-template:should_answer_with_true(int)]/[test-template-invocation:#372]
display-name: [372] 371
]]></system-out>
</testcase>
<testcase name="should_answer_with_true(int)[493]" classname="com.example.AppTest" time="0">
<system-out><![CDATA[
unique-id: [engine:junit-jupiter]/[class:com.example.AppTest]/[test-template:should_answer_with_true(int)]/[test-template-invocation:#493]
display-name: [493] 492
]]></system-out>
</testcase>
<testcase name="should_answer_with_true(int)[319]" classname="com.example.AppTest" time="0">
<system-out><![CDATA[
unique-id: [engine:junit-jupiter]/[class:com.example.AppTest]/[test-template:should_answer_with_true(int)]/[test-template-invocation:#319]
display-name: [319] 318
]]></system-out>
</testcase>
<testcase name="should_answer_with_true(int)[315]" classname="com.example.AppTest" time="0">
<system-out><![CDATA[
unique-id: [engine:junit-jupiter]/[class:com.example.AppTest]/[test-template:should_answer_with_true(int)]/[test-template-invocation:#315]
display-name: [315] 314
]]></system-out>
</testcase>
<testcase name="should_answer_with_true(int)[436]" classname="com.example.AppTest" time="0">
<system-out><![CDATA[
unique-id: [engine:junit-jupiter]/[class:com.example.AppTest]/[test-template:should_answer_with_true(int)]/[test-template-invocation:#436]
display-name: [436] 435
]]></system-out>
</testcase>
<testcase name="should_answer_with_true(int)[316]" classname="com.example.AppTest" time="0">
<system-out><![CDATA[
unique-id: [engine:junit-jupiter]/[class:com.example.AppTest]/[test-template:should_answer_with_true(int)]/[test-template-invocation:#316]
display-name: [316] 315
]]></system-out>
</testcase>
<testcase name="should_answer_with_true(int)[437]" classname="com.example.AppTest" time="0">
<system-out><![CDATA[
unique-id: [engine:junit-jupiter]/[class:com.example.AppTest]/[test-template:should_answer_with_true(int)]/[test-template-invocation:#437]
display-name: [437] 436
]]></system-out>
</testcase>
<testcase name="should_answer_with_true(int)[317]" classname="com.example.AppTest" time="0">
<system-out><![CDATA[
unique-id: [engine:junit-jupiter]/[class:com.example.AppTest]/[test-template:should_answer_with_true(int)]/[test-template-invocation:#317]
display-name: [317] 316
]]></system-out>
</testcase>
<testcase name="should_answer_with_true(int)[438]" classname="com.example.AppTest" time="0">
<system-out><![CDATA[
unique-id: [engine:junit-jupiter]/[class:com.example.AppTest]/[test-template:should_answer_with_true(int)]/[test-template-invocation:#438]
display-name: [438] 437
]]></system-out>
</testcase>
<testcase name="should_answer_with_true(int)[318]" classname="com.example.AppTest" time="0">
<system-out><![CDATA[
unique-id: [engine:junit-jupiter]/[class:com.example.AppTest]/[test-template:should_answer_with_true(int)]/[test-template-invocation:#318]
display-name: [318] 317
]]></system-out>
</testcase>
<testcase name="should_answer_with_true(int)[439]" classname="com.example.AppTest" time="0">
<system-out><![CDATA[
unique-id: [engine:junit-jupiter]/[class:com.example.AppTest]/[test-template:should_answer_with_true(int)]/[test-template-invocation:#439]
display-name: [439] 438
]]></system-out>
</testcase>
<testcase name="should_answer_with_true(int)[96]" classname="com.example.AppTest" time="0">
<system-out><![CDATA[
unique-id: [engine:junit-jupiter]/[class:com.example.AppTest]/[test-template:should_answer_with_true(int)]/[test-template-invocation:#96]
display-name: [96] 95
]]></system-out>
</testcase>
<testcase name="should_answer_with_true(int)[201]" classname="com.example.AppTest" time="0">
<system-out><![CDATA[
unique-id: [engine:junit-jupiter]/[class:com.example.AppTest]/[test-template:should_answer_with_true(int)]/[test-template-invocation:#201]
display-name: [201] 200
]]></system-out>
</testcase>
<testcase name="should_answer_with_true(int)[322]" classname="com.example.AppTest" time="0">
<system-out><![CDATA[
unique-id: [engine:junit-jupiter]/[class:com.example.AppTest]/[test-template:should_answer_with_true(int)]/[test-template-invocation:#322]
display-name: [322] 321
]]></system-out>
</testcase>
<testcase name="should_answer_with_true(int)[443]" classname="com.example.AppTest" time="0">
<system-out><![CDATA[
unique-id: [engine:junit-jupiter]/[class:com.example.AppTest]/[test-template:should_answer_with_true(int)]/[test-template-invocation:#443]
display-name: [443] 442
]]></system-out>
</testcase>
<testcase name="should_answer_with_true(int)[97]" classname="com.example.AppTest" time="0">
<system-out><![CDATA[
unique-id: [engine:junit-jupiter]/[class:com.example.AppTest]/[test-template:should_answer_with_true(int)]/[test-template-invocation:#97]
display-name: [97] 96
]]></system-out>
</testcase>
<testcase name="should_answer_with_true(int)[202]" classname="com.example.AppTest" time="0">
<system-out><![CDATA[
unique-id: [engine:junit-jupiter]/[class:com.example.AppTest]/[test-template:should_answer_with_true(int)]/[test-template-invocation:#202]
display-name: [202] 201
]]></system-out>
</testcase>
<testcase name="should_answer_with_true(int)[323]" classname="com.example.AppTest" time="0">
<system-out><![CDATA[
unique-id: [engine:junit-jupiter]/[class:com.example.AppTest]/[test-template:should_answer_with_true(int)]/[test-template-invocation:#323]
display-name: [323] 322
]]></system-out>
</testcase>
<testcase name="should_answer_with_true(int)[444]" classname="com.example.AppTest" time="0">
<system-out><![CDATA[
unique-id: [engine:junit-jupiter]/[class:com.example.AppTest]/[test-template:should_answer_with_true(int)]/[test-template-invocation:#444]
display-name: [444] 443
]]></system-out>
</testcase>
<testcase name="should_answer_with_true(int)[98]" classname="com.example.AppTest" time="0">
<system-out><![CDATA[
unique-id: [engine:junit-jupiter]/[class:com.example.AppTest]/[test-template:should_answer_with_true(int)]/[test-template-invocation:#98]
display-name: [98] 97
]]></system-out>
</testcase>
<testcase name="should_answer_with_true(int)[203]" classname="com.example.AppTest" time="0">
<system-out><![CDATA[
unique-id: [engine:junit-jupiter]/[class:com.example.AppTest]/[test-template:should_answer_with_true(int)]/[test-template-invocation:#203]
display-name: [203] 202
]]></system-out>
</testcase>
<testcase name="should_answer_with_true(int)[324]" classname="com.example.AppTest" time="0">
<system-out><![CDATA[
unique-id: [engine:junit-jupiter]/[class:com.example.AppTest]/[test-template:should_answer_with_true(int)]/[test-template-invocation:#324]
display-name: [324] 323
]]></system-out>
</testcase>
<testcase name="should_answer_with_true(int)[445]" classname="com.example.AppTest" time="0">
<system-out><![CDATA[
unique-id: [engine:junit-jupiter]/[class:com.example.AppTest]/[test-template:should_answer_with_true(int)]/[test-template-invocation:#445]
display-name: [445] 444
]]></system-out>
</testcase>
<testcase name="should_answer_with_true(int)[99]" classname="com.example.AppTest" time="0">
<system-out><![CDATA[
unique-id: [engine:junit-jupiter]/[class:com.example.AppTest]/[test-template:should_answer_with_true(int)]/[test-template-invocation:#99]
display-name: [99] 98
]]></system-out>
</testcase>
<testcase name="should_answer_with_true(int)[204]" classname="com.example.AppTest" time="0">
<system-out><![CDATA[
unique-id: [engine:junit-jupiter]/[class:com.example.AppTest]/[test-template:should_answer_with_true(int)]/[test-template-invocation:#204]
display-name: [204] 203
]]></system-out>
</testcase>
<testcase name="should_answer_with_true(int)[325]" classname="com.example.AppTest" time="0">
<system-out><![CDATA[
unique-id: [engine:junit-jupiter]/[class:com.example.AppTest]/[test-template:should_answer_with_true(int)]/[test-template-invocation:#325]
display-name: [325] 324
]]></system-out>
</testcase>
<testcase name="should_answer_with_true(int)[446]" classname="com.example.AppTest" time="0">
<system-out><![CDATA[
unique-id: [engine:junit-jupiter]/[class:com.example.AppTest]/[test-template:should_answer_with_true(int)]/[test-template-invocation:#446]
display-name: [446] 445
]]></system-out>
</testcase>
<testcase name="should_answer_with_true(int)[92]" classname="com.example.AppTest" time="0">
<system-out><![CDATA[
unique-id: [engine:junit-jupiter]/[class:com.example.AppTest]/[test-template:should_answer_with_true(int)]/[test-template-invocation:#92]
display-name: [92] 91
]]></system-out>
</testcase>
<testcase name="should_answer_with_true(int)[93]" classname="com.example.AppTest" time="0">
<system-out><![CDATA[
unique-id: [engine:junit-jupiter]/[class:com.example.AppTest]/[test-template:should_answer_with_true(int)]/[test-template-invocation:#93]
display-name: [93] 92
]]></system-out>
</testcase>
<testcase name="should_answer_with_true(int)[440]" classname="com.example.AppTest" time="0">
<system-out><![CDATA[
unique-id: [engine:junit-jupiter]/[class:com.example.AppTest]/[test-template:should_answer_with_true(int)]/[test-template-invocation:#440]
display-name: [440] 439
]]></system-out>
</testcase>
<testcase name="should_answer_with_true(int)[94]" classname="com.example.AppTest" time="0">
<system-out><![CDATA[
unique-id: [engine:junit-jupiter]/[class:com.example.AppTest]/[test-template:should_answer_with_true(int)]/[test-template-invocation:#94]
display-name: [94] 93
]]></system-out>
</testcase>
<testcase name="should_answer_with_true(int)[320]" classname="com.example.AppTest" time="0">
<system-out><![CDATA[
unique-id: [engine:junit-jupiter]/[class:com.example.AppTest]/[test-template:should_answer_with_true(int)]/[test-template-invocation:#320]
display-name: [320] 319
]]></system-out>
</testcase>
<testcase name="should_answer_with_true(int)[441]" classname="com.example.AppTest" time="0">
<system-out><![CDATA[
unique-id: [engine:junit-jupiter]/[class:com.example.AppTest]/[test-template:should_answer_with_true(int)]/[test-template-invocation:#441]
display-name: [441] 440
]]></system-out>
</testcase>
<testcase name="should_answer_with_true(int)[95]" classname="com.example.AppTest" time="0">
<system-out><![CDATA[
unique-id: [engine:junit-jupiter]/[class:com.example.AppTest]/[test-template:should_answer_with_true(int)]/[test-template-invocation:#95]
display-name: [95] 94
]]></system-out>
</testcase>
<testcase name="should_answer_with_true(int)[200]" classname="com.example.AppTest" time="0">
<system-out><![CDATA[
unique-id: [engine:junit-jupiter]/[class:com.example.AppTest]/[test-template:should_answer_with_true(int)]/[test-template-invocation:#200]
display-name: [200] 199
]]></system-out>
</testcase>
<testcase name="should_answer_with_true(int)[321]" classname="com.example.AppTest" time="0">
<system-out><![CDATA[
unique-id: [engine:junit-jupiter]/[class:com.example.AppTest]/[test-template:should_answer_with_true(int)]/[test-template-invocation:#321]
display-name: [321] 320
]]></system-out>
</testcase>
<testcase name="should_answer_with_true(int)[442]" classname="com.example.AppTest" time="0">
<system-out><![CDATA[
unique-id: [engine:junit-jupiter]/[class:com.example.AppTest]/[test-template:should_answer_with_true(int)]/[test-template-invocation:#442]
display-name: [442] 441
]]></system-out>
</testcase>
<testcase name="should_answer_with_true(int)[90]" classname="com.example.AppTest" time="0">
<system-out><![CDATA[
unique-id: [engine:junit-jupiter]/[class:com.example.AppTest]/[test-template:should_answer_with_true(int)]/[test-template-invocation:#90]
display-name: [90] 89
]]></system-out>
</testcase>
<testcase name="should_answer_with_true(int)[91]" classname="com.example.AppTest" time="0">
<system-out><![CDATA[
unique-id: [engine:junit-jupiter]/[class:com.example.AppTest]/[test-template:should_answer_with_true(int)]/[test-template-invocation:#91]
display-name: [91] 90
]]></system-out>
</testcase>
<testcase name="should_answer_with_true(int)[308]" classname="com.example.AppTest" time="0">
<system-out><![CDATA[
unique-id: [engine:junit-jupiter]/[class:com.example.AppTest]/[test-template:should_answer_with_true(int)]/[test-template-invocation:#308]
display-name: [308] 307
]]></system-out>
</testcase>
<testcase name="should_answer_with_true(int)[429]" classname="com.example.AppTest" time="0">
<system-out><![CDATA[
unique-id: [engine:junit-jupiter]/[class:com.example.AppTest]/[test-template:should_answer_with_true(int)]/[test-template-invocation:#429]
display-name: [429] 428
]]></system-out>
</testcase>
<testcase name="should_answer_with_true(int)[309]" classname="com.example.AppTest" time="0">
<system-out><![CDATA[
unique-id: [engine:junit-jupiter]/[class:com.example.AppTest]/[test-template:should_answer_with_true(int)]/[test-template-invocation:#309]
display-name: [309] 308
]]></system-out>
</testcase>
<testcase name="should_answer_with_true(int)[304]" classname="com.example.AppTest" time="0">
<system-out><![CDATA[
unique-id: [engine:junit-jupiter]/[class:com.example.AppTest]/[test-template:should_answer_with_true(int)]/[test-template-invocation:#304]
display-name: [304] 303
]]></system-out>
</testcase>
<testcase name="should_answer_with_true(int)[425]" classname="com.example.AppTest" time="0">
<system-out><![CDATA[
unique-id: [engine:junit-jupiter]/[class:com.example.AppTest]/[test-template:should_answer_with_true(int)]/[test-template-invocation:#425]
display-name: [425] 424
]]></system-out>
</testcase>
<testcase name="should_answer_with_true(int)[305]" classname="com.example.AppTest" time="0">
<system-out><![CDATA[
unique-id: [engine:junit-jupiter]/[class:com.example.AppTest]/[test-template:should_answer_with_true(int)]/[test-template-invocation:#305]
display-name: [305] 304
]]></system-out>
</testcase>
<testcase name="should_answer_with_true(int)[426]" classname="com.example.AppTest" time="0">
<system-out><![CDATA[
unique-id: [engine:junit-jupiter]/[class:com.example.AppTest]/[test-template:should_answer_with_true(int)]/[test-template-invocation:#426]
display-name: [426] 425
]]></system-out>
</testcase>
<testcase name="should_answer_with_true(int)[306]" classname="com.example.AppTest" time="0">
<system-out><![CDATA[
unique-id: [engine:junit-jupiter]/[class:com.example.AppTest]/[test-template:should_answer_with_true(int)]/[test-template-invocation:#306]
display-name: [306] 305
]]></system-out>
</testcase>
<testcase name="should_answer_with_true(int)[427]" classname="com.example.AppTest" time="0">
<system-out><![CDATA[
unique-id: [engine:junit-jupiter]/[class:com.example.AppTest]/[test-template:should_answer_with_true(int)]/[test-template-invocation:#427]
display-name: [427] 426
]]></system-out>
</testcase>
<testcase name="should_answer_with_true(int)[307]" classname="com.example.AppTest" time="0">
<system-out><![CDATA[
unique-id: [engine:junit-jupiter]/[class:com.example.AppTest]/[test-template:should_answer_with_true(int)]/[test-template-invocation:#307]
display-name: [307] 306
]]></system-out>
</testcase>
<testcase name="should_answer_with_true(int)[428]" classname="com.example.AppTest" time="0">
<system-out><![CDATA[
unique-id: [engine:junit-jupiter]/[class:com.example.AppTest]/[test-template:should_answer_with_true(int)]/[test-template-invocation:#428]
display-name: [428] 427
]]></system-out>
</testcase>
<testcase name="should_answer_with_true(int)[311]" classname="com.example.AppTest" time="0">
<system-out><![CDATA[
unique-id: [engine:junit-jupiter]/[class:com.example.AppTest]/[test-template:should_answer_with_true(int)]/[test-template-invocation:#311]
display-name: [311] 310
]]></system-out>
</testcase>
<testcase name="should_answer_with_true(int)[432]" classname="com.example.AppTest" time="0">
<system-out><![CDATA[
unique-id: [engine:junit-jupiter]/[class:com.example.AppTest]/[test-template:should_answer_with_true(int)]/[test-template-invocation:#432]
display-name: [432] 431
]]></system-out>
</testcase>
<testcase name="should_answer_with_true(int)[312]" classname="com.example.AppTest" time="0">
<system-out><![CDATA[
unique-id: [engine:junit-jupiter]/[class:com.example.AppTest]/[test-template:should_answer_with_true(int)]/[test-template-invocation:#312]
display-name: [312] 311
]]></system-out>
</testcase>
<testcase name="should_answer_with_true(int)[433]" classname="com.example.AppTest" time="0">
<system-out><![CDATA[
unique-id: [engine:junit-jupiter]/[class:com.example.AppTest]/[test-template:should_answer_with_true(int)]/[test-template-invocation:#433]
display-name: [433] 432
]]></system-out>
</testcase>
<testcase name="should_answer_with_true(int)[313]" classname="com.example.AppTest" time="0">
<system-out><![CDATA[
unique-id: [engine:junit-jupiter]/[class:com.example.AppTest]/[test-template:should_answer_with_true(int)]/[test-template-invocation:#313]
display-name: [313] 312
]]></system-out>
</testcase>
<testcase name="should_answer_with_true(int)[434]" classname="com.example.AppTest" time="0">
<system-out><![CDATA[
unique-id: [engine:junit-jupiter]/[class:com.example.AppTest]/[test-template:should_answer_with_true(int)]/[test-template-invocation:#434]
display-name: [434] 433
]]></system-out>
</testcase>
<testcase name="should_answer_with_true(int)[314]" classname="com.example.AppTest" time="0">
<system-out><![CDATA[
unique-id: [engine:junit-jupiter]/[class:com.example.AppTest]/[test-template:should_answer_with_true(int)]/[test-template-invocation:#314]
display-name: [314] 313
]]></system-out>
</testcase>
<testcase name="should_answer_with_true(int)[435]" classname="com.example.AppTest" time="0">
<system-out><![CDATA[
unique-id: [engine:junit-jupiter]/[class:com.example.AppTest]/[test-template:should_answer_with_true(int)]/[test-template-invocation:#435]
display-name: [435] 434
]]></system-out>
</testcase>
<testcase name="should_answer_with_true(int)[430]" classname="com.example.AppTest" time="0">
<system-out><![CDATA[
unique-id: [engine:junit-jupiter]/[class:com.example.AppTest]/[test-template:should_answer_with_true(int)]/[test-template-invocation:#430]
display-name: [430] 429
]]></system-out>
</testcase>
<testcase name="should_answer_with_true(int)[310]" classname="com.example.AppTest" time="0">
<system-out><![CDATA[
unique-id: [engine:junit-jupiter]/[class:com.example.AppTest]/[test-template:should_answer_with_true(int)]/[test-template-invocation:#310]
display-name: [310] 309
]]></system-out>
</testcase>
<testcase name="should_answer_with_true(int)[431]" classname="com.example.AppTest" time="0">
<system-out><![CDATA[
unique-id: [engine:junit-jupiter]/[class:com.example.AppTest]/[test-template:should_answer_with_true(int)]/[test-template-invocation:#431]
display-name: [431] 430
]]></system-out>
</testcase>
<testcase name="should_answer_with_true(int)[216]" classname="com.example.AppTest" time="0">
<system-out><![CDATA[
unique-id: [engine:junit-jupiter]/[class:com.example.AppTest]/[test-template:should_answer_with_true(int)]/[test-template-invocation:#216]
display-name: [216] 215
]]></system-out>
</testcase>
<testcase name="should_answer_with_true(int)[337]" classname="com.example.AppTest" time="0">
<system-out><![CDATA[
unique-id: [engine:junit-jupiter]/[class:com.example.AppTest]/[test-template:should_answer_with_true(int)]/[test-template-invocation:#337]
display-name: [337] 336
]]></system-out>
</testcase>
<testcase name="should_answer_with_true(int)[458]" classname="com.example.AppTest" time="0">
<system-out><![CDATA[
unique-id: [engine:junit-jupiter]/[class:com.example.AppTest]/[test-template:should_answer_with_true(int)]/[test-template-invocation:#458]
display-name: [458] 457
]]></system-out>
</testcase>
<testcase name="should_answer_with_true(int)[217]" classname="com.example.AppTest" time="0">
<system-out><![CDATA[
unique-id: [engine:junit-jupiter]/[class:com.example.AppTest]/[test-template:should_answer_with_true(int)]/[test-template-invocation:#217]
display-name: [217] 216
]]></system-out>
</testcase>
<testcase name="should_answer_with_true(int)[338]" classname="com.example.AppTest" time="0">
<system-out><![CDATA[
unique-id: [engine:junit-jupiter]/[class:com.example.AppTest]/[test-template:should_answer_with_true(int)]/[test-template-invocation:#338]
display-name: [338] 337
]]></system-out>
</testcase>
<testcase name="should_answer_with_true(int)[459]" classname="com.example.AppTest" time="0">
<system-out><![CDATA[
unique-id: [engine:junit-jupiter]/[class:com.example.AppTest]/[test-template:should_answer_with_true(int)]/[test-template-invocation:#459]
display-name: [459] 458
]]></system-out>
</testcase>
<testcase name="should_answer_with_true(int)[218]" classname="com.example.AppTest" time="0">
<system-out><![CDATA[
unique-id: [engine:junit-jupiter]/[class:com.example.AppTest]/[test-template:should_answer_with_true(int)]/[test-template-invocation:#218]
display-name: [218] 217
]]></system-out>
</testcase>
<testcase name="should_answer_with_true(int)[339]" classname="com.example.AppTest" time="0">
<system-out><![CDATA[
unique-id: [engine:junit-jupiter]/[class:com.example.AppTest]/[test-template:should_answer_with_true(int)]/[test-template-invocation:#339]
display-name: [339] 338
]]></system-out>
</testcase>
<testcase name="should_answer_with_true(int)[219]" classname="com.example.AppTest" time="0">
<system-out><![CDATA[
unique-id: [engine:junit-jupiter]/[class:com.example.AppTest]/[test-template:should_answer_with_true(int)]/[test-template-invocation:#219]
display-name: [219] 218
]]></system-out>
</testcase>
<testcase name="should_answer_with_true(int)[102]" classname="com.example.AppTest" time="0">
<system-out><![CDATA[
unique-id: [engine:junit-jupiter]/[class:com.example.AppTest]/[test-template:should_answer_with_true(int)]/[test-template-invocation:#102]
display-name: [102] 101
]]></system-out>
</testcase>
<testcase name="should_answer_with_true(int)[223]" classname="com.example.AppTest" time="0">
<system-out><![CDATA[
unique-id: [engine:junit-jupiter]/[class:com.example.AppTest]/[test-template:should_answer_with_true(int)]/[test-template-invocation:#223]
display-name: [223] 222
]]></system-out>
</testcase>
<testcase name="should_answer_with_true(int)[344]" classname="com.example.AppTest" time="0">
<system-out><![CDATA[
unique-id: [engine:junit-jupiter]/[class:com.example.AppTest]/[test-template:should_answer_with_true(int)]/[test-template-invocation:#344]
display-name: [344] 343
]]></system-out>
</testcase>
<testcase name="should_answer_with_true(int)[465]" classname="com.example.AppTest" time="0">
<system-out><![CDATA[
unique-id: [engine:junit-jupiter]/[class:com.example.AppTest]/[test-template:should_answer_with_true(int)]/[test-template-invocation:#465]
display-name: [465] 464
]]></system-out>
</testcase>
<testcase name="should_answer_with_true(int)[103]" classname="com.example.AppTest" time="0">
<system-out><![CDATA[
unique-id: [engine:junit-jupiter]/[class:com.example.AppTest]/[test-template:should_answer_with_true(int)]/[test-template-invocation:#103]
display-name: [103] 102
]]></system-out>
</testcase>
<testcase name="should_answer_with_true(int)[224]" classname="com.example.AppTest" time="0">
<system-out><![CDATA[
unique-id: [engine:junit-jupiter]/[class:com.example.AppTest]/[test-template:should_answer_with_true(int)]/[test-template-invocation:#224]
display-name: [224] 223
]]></system-out>
</testcase>
<testcase name="should_answer_with_true(int)[345]" classname="com.example.AppTest" time="0">
<system-out><![CDATA[
unique-id: [engine:junit-jupiter]/[class:com.example.AppTest]/[test-template:should_answer_with_true(int)]/[test-template-invocation:#345]
display-name: [345] 344
]]></system-out>
</testcase>
<testcase name="should_answer_with_true(int)[466]" classname="com.example.AppTest" time="0">
<system-out><![CDATA[
unique-id: [engine:junit-jupiter]/[class:com.example.AppTest]/[test-template:should_answer_with_true(int)]/[test-template-invocation:#466]
display-name: [466] 465
]]></system-out>
</testcase>
<testcase name="should_answer_with_true(int)[104]" classname="com.example.AppTest" time="0">
<system-out><![CDATA[
unique-id: [engine:junit-jupiter]/[class:com.example.AppTest]/[test-template:should_answer_with_true(int)]/[test-template-invocation:#104]
display-name: [104] 103
]]></system-out>
</testcase>
<testcase name="should_answer_with_true(int)[225]" classname="com.example.AppTest" time="0">
<system-out><![CDATA[
unique-id: [engine:junit-jupiter]/[class:com.example.AppTest]/[test-template:should_answer_with_true(int)]/[test-template-invocation:#225]
display-name: [225] 224
]]></system-out>
</testcase>
<testcase name="should_answer_with_true(int)[346]" classname="com.example.AppTest" time="0">
<system-out><![CDATA[
unique-id: [engine:junit-jupiter]/[class:com.example.AppTest]/[test-template:should_answer_with_true(int)]/[test-template-invocation:#346]
display-name: [346] 345
]]></system-out>
</testcase>
<testcase name="should_answer_with_true(int)[467]" classname="com.example.AppTest" time="0">
<system-out><![CDATA[
unique-id: [engine:junit-jupiter]/[class:com.example.AppTest]/[test-template:should_answer_with_true(int)]/[test-template-invocation:#467]
display-name: [467] 466
]]></system-out>
</testcase>
<testcase name="should_answer_with_true(int)[105]" classname="com.example.AppTest" time="0">
<system-out><![CDATA[
unique-id: [engine:junit-jupiter]/[class:com.example.AppTest]/[test-template:should_answer_with_true(int)]/[test-template-invocation:#105]
display-name: [105] 104
]]></system-out>
</testcase>
<testcase name="should_answer_with_true(int)[226]" classname="com.example.AppTest" time="0">
<system-out><![CDATA[
unique-id: [engine:junit-jupiter]/[class:com.example.AppTest]/[test-template:should_answer_with_true(int)]/[test-template-invocation:#226]
display-name: [226] 225
]]></system-out>
</testcase>
<testcase name="should_answer_with_true(int)[347]" classname="com.example.AppTest" time="0">
<system-out><![CDATA[
unique-id: [engine:junit-jupiter]/[class:com.example.AppTest]/[test-template:should_answer_with_true(int)]/[test-template-invocation:#347]
display-name: [347] 346
]]></system-out>
</testcase>
<testcase name="should_answer_with_true(int)[468]" classname="com.example.AppTest" time="0">
<system-out><![CDATA[
unique-id: [engine:junit-jupiter]/[class:com.example.AppTest]/[test-template:should_answer_with_true(int)]/[test-template-invocation:#468]
display-name: [468] 467
]]></system-out>
</testcase>
<testcase name="should_answer_with_true(int)[340]" classname="com.example.AppTest" time="0">
<system-out><![CDATA[
unique-id: [engine:junit-jupiter]/[class:com.example.AppTest]/[test-template:should_answer_with_true(int)]/[test-template-invocation:#340]
display-name: [340] 339
]]></system-out>
</testcase>
<testcase name="should_answer_with_true(int)[461]" classname="com.example.AppTest" time="0">
<system-out><![CDATA[
unique-id: [engine:junit-jupiter]/[class:com.example.AppTest]/[test-template:should_answer_with_true(int)]/[test-template-invocation:#461]
display-name: [461] 460
]]></system-out>
</testcase>
<testcase name="should_answer_with_true(int)[220]" classname="com.example.AppTest" time="0">
<system-out><![CDATA[
unique-id: [engine:junit-jupiter]/[class:com.example.AppTest]/[test-template:should_answer_with_true(int)]/[test-template-invocation:#220]
display-name: [220] 219
]]></system-out>
</testcase>
<testcase name="should_answer_with_true(int)[341]" classname="com.example.AppTest" time="0">
<system-out><![CDATA[
unique-id: [engine:junit-jupiter]/[class:com.example.AppTest]/[test-template:should_answer_with_true(int)]/[test-template-invocation:#341]
display-name: [341] 340
]]></system-out>
</testcase>
<testcase name="should_answer_with_true(int)[462]" classname="com.example.AppTest" time="0">
<system-out><![CDATA[
unique-id: [engine:junit-jupiter]/[class:com.example.AppTest]/[test-template:should_answer_with_true(int)]/[test-template-invocation:#462]
display-name: [462] 461
]]></system-out>
</testcase>
<testcase name="should_answer_with_true(int)[100]" classname="com.example.AppTest" time="0">
<system-out><![CDATA[
unique-id: [engine:junit-jupiter]/[class:com.example.AppTest]/[test-template:should_answer_with_true(int)]/[test-template-invocation:#100]
display-name: [100] 99
]]></system-out>
</testcase>
<testcase name="should_answer_with_true(int)[221]" classname="com.example.AppTest" time="0">
<system-out><![CDATA[
unique-id: [engine:junit-jupiter]/[class:com.example.AppTest]/[test-template:should_answer_with_true(int)]/[test-template-invocation:#221]
display-name: [221] 220
]]></system-out>
</testcase>
<testcase name="should_answer_with_true(int)[342]" classname="com.example.AppTest" time="0">
<system-out><![CDATA[
unique-id: [engine:junit-jupiter]/[class:com.example.AppTest]/[test-template:should_answer_with_true(int)]/[test-template-invocation:#342]
display-name: [342] 341
]]></system-out>
</testcase>
<testcase name="should_answer_with_true(int)[463]" classname="com.example.AppTest" time="0">
<system-out><![CDATA[
unique-id: [engine:junit-jupiter]/[class:com.example.AppTest]/[test-template:should_answer_with_true(int)]/[test-template-invocation:#463]
display-name: [463] 462
]]></system-out>
</testcase>
<testcase name="should_answer_with_true(int)[101]" classname="com.example.AppTest" time="0">
<system-out><![CDATA[
unique-id: [engine:junit-jupiter]/[class:com.example.AppTest]/[test-template:should_answer_with_true(int)]/[test-template-invocation:#101]
display-name: [101] 100
]]></system-out>
</testcase>
<testcase name="should_answer_with_true(int)[222]" classname="com.example.AppTest" time="0">
<system-out><![CDATA[
unique-id: [engine:junit-jupiter]/[class:com.example.AppTest]/[test-template:should_answer_with_true(int)]/[test-template-invocation:#222]
display-name: [222] 221
]]></system-out>
</testcase>
<testcase name="should_answer_with_true(int)[343]" classname="com.example.AppTest" time="0">
<system-out><![CDATA[
unique-id: [engine:junit-jupiter]/[class:com.example.AppTest]/[test-template:should_answer_with_true(int)]/[test-template-invocation:#343]
display-name: [343] 342
]]></system-out>
</testcase>
<testcase name="should_answer_with_true(int)[464]" classname="com.example.AppTest" time="0">
<system-out><![CDATA[
unique-id: [engine:junit-jupiter]/[class:com.example.AppTest]/[test-template:should_answer_with_true(int)]/[test-template-invocation:#464]
display-name: [464] 463
]]></system-out>
</testcase>
<testcase name="should_answer_with_true(int)[460]" classname="com.example.AppTest" time="0">
<system-out><![CDATA[
unique-id: [engine:junit-jupiter]/[class:com.example.AppTest]/[test-template:should_answer_with_true(int)]/[test-template-invocation:#460]
display-name: [460] 459
]]></system-out>
</testcase>
<testcase name="should_answer_with_true(int)[209]" classname="com.example.AppTest" time="0">
<system-out><![CDATA[
unique-id: [engine:junit-jupiter]/[class:com.example.AppTest]/[test-template:should_answer_with_true(int)]/[test-template-invocation:#209]
display-name: [209] 208
]]></system-out>
</testcase>
<testcase name="should_answer_with_true(int)[205]" classname="com.example.AppTest" time="0">
<system-out><![CDATA[
unique-id: [engine:junit-jupiter]/[class:com.example.AppTest]/[test-template:should_answer_with_true(int)]/[test-template-invocation:#205]
display-name: [205] 204
]]></system-out>
</testcase>
<testcase name="should_answer_with_true(int)[326]" classname="com.example.AppTest" time="0">
<system-out><![CDATA[
unique-id: [engine:junit-jupiter]/[class:com.example.AppTest]/[test-template:should_answer_with_true(int)]/[test-template-invocation:#326]
display-name: [326] 325
]]></system-out>
</testcase>
<testcase name="should_answer_with_true(int)[447]" classname="com.example.AppTest" time="0">
<system-out><![CDATA[
unique-id: [engine:junit-jupiter]/[class:com.example.AppTest]/[test-template:should_answer_with_true(int)]/[test-template-invocation:#447]
display-name: [447] 446
]]></system-out>
</testcase>
<testcase name="should_answer_with_true(int)[206]" classname="com.example.AppTest" time="0">
<system-out><![CDATA[
unique-id: [engine:junit-jupiter]/[class:com.example.AppTest]/[test-template:should_answer_with_true(int)]/[test-template-invocation:#206]
display-name: [206] 205
]]></system-out>
</testcase>
<testcase name="should_answer_with_true(int)[327]" classname="com.example.AppTest" time="0">
<system-out><![CDATA[
unique-id: [engine:junit-jupiter]/[class:com.example.AppTest]/[test-template:should_answer_with_true(int)]/[test-template-invocation:#327]
display-name: [327] 326
]]></system-out>
</testcase>
<testcase name="should_answer_with_true(int)[448]" classname="com.example.AppTest" time="0">
<system-out><![CDATA[
unique-id: [engine:junit-jupiter]/[class:com.example.AppTest]/[test-template:should_answer_with_true(int)]/[test-template-invocation:#448]
display-name: [448] 447
]]></system-out>
</testcase>
<testcase name="should_answer_with_true(int)[207]" classname="com.example.AppTest" time="0">
<system-out><![CDATA[
unique-id: [engine:junit-jupiter]/[class:com.example.AppTest]/[test-template:should_answer_with_true(int)]/[test-template-invocation:#207]
display-name: [207] 206
]]></system-out>
</testcase>
<testcase name="should_answer_with_true(int)[328]" classname="com.example.AppTest" time="0">
<system-out><![CDATA[
unique-id: [engine:junit-jupiter]/[class:com.example.AppTest]/[test-template:should_answer_with_true(int)]/[test-template-invocation:#328]
display-name: [328] 327
]]></system-out>
</testcase>
<testcase name="should_answer_with_true(int)[449]" classname="com.example.AppTest" time="0">
<system-out><![CDATA[
unique-id: [engine:junit-jupiter]/[class:com.example.AppTest]/[test-template:should_answer_with_true(int)]/[test-template-invocation:#449]
display-name: [449] 448
]]></system-out>
</testcase>
<testcase name="should_answer_with_true(int)[208]" classname="com.example.AppTest" time="0">
<system-out><![CDATA[
unique-id: [engine:junit-jupiter]/[class:com.example.AppTest]/[test-template:should_answer_with_true(int)]/[test-template-invocation:#208]
display-name: [208] 207
]]></system-out>
</testcase>
<testcase name="should_answer_with_true(int)[329]" classname="com.example.AppTest" time="0">
<system-out><![CDATA[
unique-id: [engine:junit-jupiter]/[class:com.example.AppTest]/[test-template:should_answer_with_true(int)]/[test-template-invocation:#329]
display-name: [329] 328
]]></system-out>
</testcase>
<testcase name="should_answer_with_true(int)[212]" classname="com.example.AppTest" time="0">
<system-out><![CDATA[
unique-id: [engine:junit-jupiter]/[class:com.example.AppTest]/[test-template:should_answer_with_true(int)]/[test-template-invocation:#212]
display-name: [212] 211
]]></system-out>
</testcase>
<testcase name="should_answer_with_true(int)[333]" classname="com.example.AppTest" time="0">
<system-out><![CDATA[
unique-id: [engine:junit-jupiter]/[class:com.example.AppTest]/[test-template:should_answer_with_true(int)]/[test-template-invocation:#333]
display-name: [333] 332
]]></system-out>
</testcase>
<testcase name="should_answer_with_true(int)[454]" classname="com.example.AppTest" time="0">
<system-out><![CDATA[
unique-id: [engine:junit-jupiter]/[class:com.example.AppTest]/[test-template:should_answer_with_true(int)]/[test-template-invocation:#454]
display-name: [454] 453
]]></system-out>
</testcase>
<testcase name="should_answer_with_true(int)[213]" classname="com.example.AppTest" time="0">
<system-out><![CDATA[
unique-id: [engine:junit-jupiter]/[class:com.example.AppTest]/[test-template:should_answer_with_true(int)]/[test-template-invocation:#213]
display-name: [213] 212
]]></system-out>
</testcase>
<testcase name="should_answer_with_true(int)[334]" classname="com.example.AppTest" time="0">
<system-out><![CDATA[
unique-id: [engine:junit-jupiter]/[class:com.example.AppTest]/[test-template:should_answer_with_true(int)]/[test-template-invocation:#334]
display-name: [334] 333
]]></system-out>
</testcase>
<testcase name="should_answer_with_true(int)[455]" classname="com.example.AppTest" time="0">
<system-out><![CDATA[
unique-id: [engine:junit-jupiter]/[class:com.example.AppTest]/[test-template:should_answer_with_true(int)]/[test-template-invocation:#455]
display-name: [455] 454
]]></system-out>
</testcase>
<testcase name="should_answer_with_true(int)[214]" classname="com.example.AppTest" time="0">
<system-out><![CDATA[
unique-id: [engine:junit-jupiter]/[class:com.example.AppTest]/[test-template:should_answer_with_true(int)]/[test-template-invocation:#214]
display-name: [214] 213
]]></system-out>
</testcase>
<testcase name="should_answer_with_true(int)[335]" classname="com.example.AppTest" time="0">
<system-out><![CDATA[
unique-id: [engine:junit-jupiter]/[class:com.example.AppTest]/[test-template:should_answer_with_true(int)]/[test-template-invocation:#335]
display-name: [335] 334
]]></system-out>
</testcase>
<testcase name="should_answer_with_true(int)[456]" classname="com.example.AppTest" time="0">
<system-out><![CDATA[
unique-id: [engine:junit-jupiter]/[class:com.example.AppTest]/[test-template:should_answer_with_true(int)]/[test-template-invocation:#456]
display-name: [456] 455
]]></system-out>
</testcase>
<testcase name="should_answer_with_true(int)[215]" classname="com.example.AppTest" time="0">
<system-out><![CDATA[
unique-id: [engine:junit-jupiter]/[class:com.example.AppTest]/[test-template:should_answer_with_true(int)]/[test-template-invocation:#215]
display-name: [215] 214
]]></system-out>
</testcase>
<testcase name="should_answer_with_true(int)[336]" classname="com.example.AppTest" time="0">
<system-out><![CDATA[
unique-id: [engine:junit-jupiter]/[class:com.example.AppTest]/[test-template:should_answer_with_true(int)]/[test-template-invocation:#336]
display-name: [336] 335
]]></system-out>
</testcase>
<testcase name="should_answer_with_true(int)[457]" classname="com.example.AppTest" time="0">
<system-out><![CDATA[
unique-id: [engine:junit-jupiter]/[class:com.example.AppTest]/[test-template:should_answer_with_true(int)]/[test-template-invocation:#457]
display-name: [457] 456
]]></system-out>
</testcase>
<testcase name="should_answer_with_true(int)[450]" classname="com.example.AppTest" time="0">
<system-out><![CDATA[
unique-id: [engine:junit-jupiter]/[class:com.example.AppTest]/[test-template:should_answer_with_true(int)]/[test-template-invocation:#450]
display-name: [450] 449
]]></system-out>
</testcase>
<testcase name="should_answer_with_true(int)[330]" classname="com.example.AppTest" time="0">
<system-out><![CDATA[
unique-id: [engine:junit-jupiter]/[class:com.example.AppTest]/[test-template:should_answer_with_true(int)]/[test-template-invocation:#330]
display-name: [330] 329
]]></system-out>
</testcase>
<testcase name="should_answer_with_true(int)[451]" classname="com.example.AppTest" time="0">
<system-out><![CDATA[
unique-id: [engine:junit-jupiter]/[class:com.example.AppTest]/[test-template:should_answer_with_true(int)]/[test-template-invocation:#451]
display-name: [451] 450
]]></system-out>
</testcase>
<testcase name="should_answer_with_true(int)[210]" classname="com.example.AppTest" time="0">
<system-out><![CDATA[
unique-id: [engine:junit-jupiter]/[class:com.example.AppTest]/[test-template:should_answer_with_true(int)]/[test-template-invocation:#210]
display-name: [210] 209
]]></system-out>
</testcase>
<testcase name="should_answer_with_true(int)[331]" classname="com.example.AppTest" time="0">
<system-out><![CDATA[
unique-id: [engine:junit-jupiter]/[class:com.example.AppTest]/[test-template:should_answer_with_true(int)]/[test-template-invocation:#331]
display-name: [331] 330
]]></system-out>
</testcase>
<testcase name="should_answer_with_true(int)[452]" classname="com.example.AppTest" time="0">
<system-out><![CDATA[
unique-id: [engine:junit-jupiter]/[class:com.example.AppTest]/[test-template:should_answer_with_true(int)]/[test-template-invocation:#452]
display-name: [452] 451
]]></system-out>
</testcase>
<testcase name="should_answer_with_true(int)[211]" classname="com.example.AppTest" time="0">
<system-out><![CDATA[
unique-id: [engine:junit-jupiter]/[class:com.example.AppTest]/[test-template:should_answer_with_true(int)]/[test-template-invocation:#211]
display-name: [211] 210
]]></system-out>
</testcase>
<testcase name="should_answer_with_true(int)[332]" classname="com.example.AppTest" time="0">
<system-out><![CDATA[
unique-id: [engine:junit-jupiter]/[class:com.example.AppTest]/[test-template:should_answer_with_true(int)]/[test-template-invocation:#332]
display-name: [332] 331
]]></system-out>
</testcase>
<testcase name="should_answer_with_true(int)[453]" classname="com.example.AppTest" time="0">
<system-out><![CDATA[
unique-id: [engine:junit-jupiter]/[class:com.example.AppTest]/[test-template:should_answer_with_true(int)]/[test-template-invocation:#453]
display-name: [453] 452
]]></system-out>
</testcase>
<testcase name="should_answer_with_true(int)[56]" classname="com.example.AppTest" time="0">
<system-out><![CDATA[
unique-id: [engine:junit-jupiter]/[class:com.example.AppTest]/[test-template:should_answer_with_true(int)]/[test-template-invocation:#56]
display-name: [56] 55
]]></system-out>
</testcase>
<testcase name="should_answer_with_true(int)[57]" classname="com.example.AppTest" time="0">
<system-out><![CDATA[
unique-id: [engine:junit-jupiter]/[class:com.example.AppTest]/[test-template:should_answer_with_true(int)]/[test-template-invocation:#57]
display-name: [57] 56
]]></system-out>
</testcase>
<testcase name="should_answer_with_true(int)[58]" classname="com.example.AppTest" time="0">
<system-out><![CDATA[
unique-id: [engine:junit-jupiter]/[class:com.example.AppTest]/[test-template:should_answer_with_true(int)]/[test-template-invocation:#58]
display-name: [58] 57
]]></system-out>
</testcase>
<testcase name="should_answer_with_true(int)[59]" classname="com.example.AppTest" time="0">
<system-out><![CDATA[
unique-id: [engine:junit-jupiter]/[class:com.example.AppTest]/[test-template:should_answer_with_true(int)]/[test-template-invocation:#59]
display-name: [59] 58
]]></system-out>
</testcase>
<testcase name="should_answer_with_true(int)[52]" classname="com.example.AppTest" time="0">
<system-out><![CDATA[
unique-id: [engine:junit-jupiter]/[class:com.example.AppTest]/[test-template:should_answer_with_true(int)]/[test-template-invocation:#52]
display-name: [52] 51
]]></system-out>
</testcase>
<testcase name="should_answer_with_true(int)[53]" classname="com.example.AppTest" time="0">
<system-out><![CDATA[
unique-id: [engine:junit-jupiter]/[class:com.example.AppTest]/[test-template:should_answer_with_true(int)]/[test-template-invocation:#53]
display-name: [53] 52
]]></system-out>
</testcase>
<testcase name="should_answer_with_true(int)[400]" classname="com.example.AppTest" time="0">
<system-out><![CDATA[
unique-id: [engine:junit-jupiter]/[class:com.example.AppTest]/[test-template:should_answer_with_true(int)]/[test-template-invocation:#400]
display-name: [400] 399
]]></system-out>
</testcase>
<testcase name="should_answer_with_true(int)[54]" classname="com.example.AppTest" time="0">
<system-out><![CDATA[
unique-id: [engine:junit-jupiter]/[class:com.example.AppTest]/[test-template:should_answer_with_true(int)]/[test-template-invocation:#54]
display-name: [54] 53
]]></system-out>
</testcase>
<testcase name="should_answer_with_true(int)[401]" classname="com.example.AppTest" time="0">
<system-out><![CDATA[
unique-id: [engine:junit-jupiter]/[class:com.example.AppTest]/[test-template:should_answer_with_true(int)]/[test-template-invocation:#401]
display-name: [401] 400
]]></system-out>
</testcase>
<testcase name="should_answer_with_true(int)[55]" classname="com.example.AppTest" time="0">
<system-out><![CDATA[
unique-id: [engine:junit-jupiter]/[class:com.example.AppTest]/[test-template:should_answer_with_true(int)]/[test-template-invocation:#55]
display-name: [55] 54
]]></system-out>
</testcase>
<testcase name="should_answer_with_true(int)[402]" classname="com.example.AppTest" time="0">
<system-out><![CDATA[
unique-id: [engine:junit-jupiter]/[class:com.example.AppTest]/[test-template:should_answer_with_true(int)]/[test-template-invocation:#402]
display-name: [402] 401
]]></system-out>
</testcase>
<testcase name="should_answer_with_true(int)[50]" classname="com.example.AppTest" time="0">
<system-out><![CDATA[
unique-id: [engine:junit-jupiter]/[class:com.example.AppTest]/[test-template:should_answer_with_true(int)]/[test-template-invocation:#50]
display-name: [50] 49
]]></system-out>
</testcase>
<testcase name="should_answer_with_true(int)[51]" classname="com.example.AppTest" time="0">
<system-out><![CDATA[
unique-id: [engine:junit-jupiter]/[class:com.example.AppTest]/[test-template:should_answer_with_true(int)]/[test-template-invocation:#51]
display-name: [51] 50
]]></system-out>
</testcase>
<testcase name="should_answer_with_true(int)[67]" classname="com.example.AppTest" time="0">
<system-out><![CDATA[
unique-id: [engine:junit-jupiter]/[class:com.example.AppTest]/[test-template:should_answer_with_true(int)]/[test-template-invocation:#67]
display-name: [67] 66
]]></system-out>
</testcase>
<testcase name="should_answer_with_true(int)[68]" classname="com.example.AppTest" time="0">
<system-out><![CDATA[
unique-id: [engine:junit-jupiter]/[class:com.example.AppTest]/[test-template:should_answer_with_true(int)]/[test-template-invocation:#68]
display-name: [68] 67
]]></system-out>
</testcase>
<testcase name="should_answer_with_true(int)[69]" classname="com.example.AppTest" time="0">
<system-out><![CDATA[
unique-id: [engine:junit-jupiter]/[class:com.example.AppTest]/[test-template:should_answer_with_true(int)]/[test-template-invocation:#69]
display-name: [69] 68
]]></system-out>
</testcase>
<testcase name="should_answer_with_true(int)[63]" classname="com.example.AppTest" time="0">
<system-out><![CDATA[
unique-id: [engine:junit-jupiter]/[class:com.example.AppTest]/[test-template:should_answer_with_true(int)]/[test-template-invocation:#63]
display-name: [63] 62
]]></system-out>
</testcase>
<testcase name="should_answer_with_true(int)[64]" classname="com.example.AppTest" time="0">
<system-out><![CDATA[
unique-id: [engine:junit-jupiter]/[class:com.example.AppTest]/[test-template:should_answer_with_true(int)]/[test-template-invocation:#64]
display-name: [64] 63
]]></system-out>
</testcase>
<testcase name="should_answer_with_true(int)[65]" classname="com.example.AppTest" time="0">
<system-out><![CDATA[
unique-id: [engine:junit-jupiter]/[class:com.example.AppTest]/[test-template:should_answer_with_true(int)]/[test-template-invocation:#65]
display-name: [65] 64
]]></system-out>
</testcase>
<testcase name="should_answer_with_true(int)[66]" classname="com.example.AppTest" time="0">
<system-out><![CDATA[
unique-id: [engine:junit-jupiter]/[class:com.example.AppTest]/[test-template:should_answer_with_true(int)]/[test-template-invocation:#66]
display-name: [66] 65
]]></system-out>
</testcase>
<testcase name="should_answer_with_true(int)[60]" classname="com.example.AppTest" time="0">
<system-out><![CDATA[
unique-id: [engine:junit-jupiter]/[class:com.example.AppTest]/[test-template:should_answer_with_true(int)]/[test-template-invocation:#60]
display-name: [60] 59
]]></system-out>
</testcase>
<testcase name="should_answer_with_true(int)[61]" classname="com.example.AppTest" time="0">
<system-out><![CDATA[
unique-id: [engine:junit-jupiter]/[class:com.example.AppTest]/[test-template:should_answer_with_true(int)]/[test-template-invocation:#61]
display-name: [61] 60
]]></system-out>
</testcase>
<testcase name="should_answer_with_true(int)[62]" classname="com.example.AppTest" time="0">
<system-out><![CDATA[
unique-id: [engine:junit-jupiter]/[class:com.example.AppTest]/[test-template:should_answer_with_true(int)]/[test-template-invocation:#62]
display-name: [62] 61
]]></system-out>
</testcase>
<testcase name="should_answer_with_true(int)[418]" classname="com.example.AppTest" time="0">
<system-out><![CDATA[
unique-id: [engine:junit-jupiter]/[class:com.example.AppTest]/[test-template:should_answer_with_true(int)]/[test-template-invocation:#418]
display-name: [418] 417
]]></system-out>
</testcase>
<testcase name="should_answer_with_true(int)[419]" classname="com.example.AppTest" time="0">
<system-out><![CDATA[
unique-id: [engine:junit-jupiter]/[class:com.example.AppTest]/[test-template:should_answer_with_true(int)]/[test-template-invocation:#419]
display-name: [419] 418
]]></system-out>
</testcase>
<testcase name="should_answer_with_true(int)[78]" classname="com.example.AppTest" time="0">
<system-out><![CDATA[
unique-id: [engine:junit-jupiter]/[class:com.example.AppTest]/[test-template:should_answer_with_true(int)]/[test-template-invocation:#78]
display-name: [78] 77
]]></system-out>
</testcase>
<testcase name="should_answer_with_true(int)[414]" classname="com.example.AppTest" time="0">
<system-out><![CDATA[
unique-id: [engine:junit-jupiter]/[class:com.example.AppTest]/[test-template:should_answer_with_true(int)]/[test-template-invocation:#414]
display-name: [414] 413
]]></system-out>
</testcase>
<testcase name="should_answer_with_true(int)[79]" classname="com.example.AppTest" time="0">
<system-out><![CDATA[
unique-id: [engine:junit-jupiter]/[class:com.example.AppTest]/[test-template:should_answer_with_true(int)]/[test-template-invocation:#79]
display-name: [79] 78
]]></system-out>
</testcase>
<testcase name="should_answer_with_true(int)[415]" classname="com.example.AppTest" time="0">
<system-out><![CDATA[
unique-id: [engine:junit-jupiter]/[class:com.example.AppTest]/[test-template:should_answer_with_true(int)]/[test-template-invocation:#415]
display-name: [415] 414
]]></system-out>
</testcase>
<testcase name="should_answer_with_true(int)[416]" classname="com.example.AppTest" time="0">
<system-out><![CDATA[
unique-id: [engine:junit-jupiter]/[class:com.example.AppTest]/[test-template:should_answer_with_true(int)]/[test-template-invocation:#416]
display-name: [416] 415
]]></system-out>
</testcase>
<testcase name="should_answer_with_true(int)[417]" classname="com.example.AppTest" time="0">
<system-out><![CDATA[
unique-id: [engine:junit-jupiter]/[class:com.example.AppTest]/[test-template:should_answer_with_true(int)]/[test-template-invocation:#417]
display-name: [417] 416
]]></system-out>
</testcase>
<testcase name="should_answer_with_true(int)[74]" classname="com.example.AppTest" time="0">
<system-out><![CDATA[
unique-id: [engine:junit-jupiter]/[class:com.example.AppTest]/[test-template:should_answer_with_true(int)]/[test-template-invocation:#74]
display-name: [74] 73
]]></system-out>
</testcase>
<testcase name="should_answer_with_true(int)[300]" classname="com.example.AppTest" time="0">
<system-out><![CDATA[
unique-id: [engine:junit-jupiter]/[class:com.example.AppTest]/[test-template:should_answer_with_true(int)]/[test-template-invocation:#300]
display-name: [300] 299
]]></system-out>
</testcase>
<testcase name="should_answer_with_true(int)[421]" classname="com.example.AppTest" time="0">
<system-out><![CDATA[
unique-id: [engine:junit-jupiter]/[class:com.example.AppTest]/[test-template:should_answer_with_true(int)]/[test-template-invocation:#421]
display-name: [421] 420
]]></system-out>
</testcase>
<testcase name="should_answer_with_true(int)[75]" classname="com.example.AppTest" time="0">
<system-out><![CDATA[
unique-id: [engine:junit-jupiter]/[class:com.example.AppTest]/[test-template:should_answer_with_true(int)]/[test-template-invocation:#75]
display-name: [75] 74
]]></system-out>
</testcase>
<testcase name="should_answer_with_true(int)[301]" classname="com.example.AppTest" time="0">
<system-out><![CDATA[
unique-id: [engine:junit-jupiter]/[class:com.example.AppTest]/[test-template:should_answer_with_true(int)]/[test-template-invocation:#301]
display-name: [301] 300
]]></system-out>
</testcase>
<testcase name="should_answer_with_true(int)[422]" classname="com.example.AppTest" time="0">
<system-out><![CDATA[
unique-id: [engine:junit-jupiter]/[class:com.example.AppTest]/[test-template:should_answer_with_true(int)]/[test-template-invocation:#422]
display-name: [422] 421
]]></system-out>
</testcase>
<testcase name="should_answer_with_true(int)[76]" classname="com.example.AppTest" time="0">
<system-out><![CDATA[
unique-id: [engine:junit-jupiter]/[class:com.example.AppTest]/[test-template:should_answer_with_true(int)]/[test-template-invocation:#76]
display-name: [76] 75
]]></system-out>
</testcase>
<testcase name="should_answer_with_true(int)[302]" classname="com.example.AppTest" time="0">
<system-out><![CDATA[
unique-id: [engine:junit-jupiter]/[class:com.example.AppTest]/[test-template:should_answer_with_true(int)]/[test-template-invocation:#302]
display-name: [302] 301
]]></system-out>
</testcase>
<testcase name="should_answer_with_true(int)[423]" classname="com.example.AppTest" time="0">
<system-out><![CDATA[
unique-id: [engine:junit-jupiter]/[class:com.example.AppTest]/[test-template:should_answer_with_true(int)]/[test-template-invocation:#423]
display-name: [423] 422
]]></system-out>
</testcase>
<testcase name="should_answer_with_true(int)[77]" classname="com.example.AppTest" time="0">
<system-out><![CDATA[
unique-id: [engine:junit-jupiter]/[class:com.example.AppTest]/[test-template:should_answer_with_true(int)]/[test-template-invocation:#77]
display-name: [77] 76
]]></system-out>
</testcase>
<testcase name="should_answer_with_true(int)[303]" classname="com.example.AppTest" time="0">
<system-out><![CDATA[
unique-id: [engine:junit-jupiter]/[class:com.example.AppTest]/[test-template:should_answer_with_true(int)]/[test-template-invocation:#303]
display-name: [303] 302
]]></system-out>
</testcase>
<testcase name="should_answer_with_true(int)[424]" classname="com.example.AppTest" time="0">
<system-out><![CDATA[
unique-id: [engine:junit-jupiter]/[class:com.example.AppTest]/[test-template:should_answer_with_true(int)]/[test-template-invocation:#424]
display-name: [424] 423
]]></system-out>
</testcase>
<testcase name="should_answer_with_true(int)[70]" classname="com.example.AppTest" time="0">
<system-out><![CDATA[
unique-id: [engine:junit-jupiter]/[class:com.example.AppTest]/[test-template:should_answer_with_true(int)]/[test-template-invocation:#70]
display-name: [70] 69
]]></system-out>
</testcase>
<testcase name="should_answer_with_true(int)[71]" classname="com.example.AppTest" time="0">
<system-out><![CDATA[
unique-id: [engine:junit-jupiter]/[class:com.example.AppTest]/[test-template:should_answer_with_true(int)]/[test-template-invocation:#71]
display-name: [71] 70
]]></system-out>
</testcase>
<testcase name="should_answer_with_true(int)[72]" classname="com.example.AppTest" time="0">
<system-out><![CDATA[
unique-id: [engine:junit-jupiter]/[class:com.example.AppTest]/[test-template:should_answer_with_true(int)]/[test-template-invocation:#72]
display-name: [72] 71
]]></system-out>
</testcase>
<testcase name="should_answer_with_true(int)[73]" classname="com.example.AppTest" time="0">
<system-out><![CDATA[
unique-id: [engine:junit-jupiter]/[class:com.example.AppTest]/[test-template:should_answer_with_true(int)]/[test-template-invocation:#73]
display-name: [73] 72
]]></system-out>
</testcase>
<testcase name="should_answer_with_true(int)[420]" classname="com.example.AppTest" time="0">
<system-out><![CDATA[
unique-id: [engine:junit-jupiter]/[class:com.example.AppTest]/[test-template:should_answer_with_true(int)]/[test-template-invocation:#420]
display-name: [420] 419
]]></system-out>
</testcase>
<testcase name="should_answer_with_true(int)[407]" classname="com.example.AppTest" time="0">
<system-out><![CDATA[
unique-id: [engine:junit-jupiter]/[class:com.example.AppTest]/[test-template:should_answer_with_true(int)]/[test-template-invocation:#407]
display-name: [407] 406
]]></system-out>
</testcase>
<testcase name="should_answer_with_true(int)[408]" classname="com.example.AppTest" time="0">
<system-out><![CDATA[
unique-id: [engine:junit-jupiter]/[class:com.example.AppTest]/[test-template:should_answer_with_true(int)]/[test-template-invocation:#408]
display-name: [408] 407
]]></system-out>
</testcase>
<testcase name="should_answer_with_true(int)[409]" classname="com.example.AppTest" time="0">
<system-out><![CDATA[
unique-id: [engine:junit-jupiter]/[class:com.example.AppTest]/[test-template:should_answer_with_true(int)]/[test-template-invocation:#409]
display-name: [409] 408
]]></system-out>
</testcase>
<testcase name="should_answer_with_true(int)[89]" classname="com.example.AppTest" time="0">
<system-out><![CDATA[
unique-id: [engine:junit-jupiter]/[class:com.example.AppTest]/[test-template:should_answer_with_true(int)]/[test-template-invocation:#89]
display-name: [89] 88
]]></system-out>
</testcase>
<testcase name="should_answer_with_true(int)[403]" classname="com.example.AppTest" time="0">
<system-out><![CDATA[
unique-id: [engine:junit-jupiter]/[class:com.example.AppTest]/[test-template:should_answer_with_true(int)]/[test-template-invocation:#403]
display-name: [403] 402
]]></system-out>
</testcase>
<testcase name="should_answer_with_true(int)[404]" classname="com.example.AppTest" time="0">
<system-out><![CDATA[
unique-id: [engine:junit-jupiter]/[class:com.example.AppTest]/[test-template:should_answer_with_true(int)]/[test-template-invocation:#404]
display-name: [404] 403
]]></system-out>
</testcase>
<testcase name="should_answer_with_true(int)[405]" classname="com.example.AppTest" time="0">
<system-out><![CDATA[
unique-id: [engine:junit-jupiter]/[class:com.example.AppTest]/[test-template:should_answer_with_true(int)]/[test-template-invocation:#405]
display-name: [405] 404
]]></system-out>
</testcase>
<testcase name="should_answer_with_true(int)[406]" classname="com.example.AppTest" time="0">
<system-out><![CDATA[
unique-id: [engine:junit-jupiter]/[class:com.example.AppTest]/[test-template:should_answer_with_true(int)]/[test-template-invocation:#406]
display-name: [406] 405
]]></system-out>
</testcase>
<testcase name="should_answer_with_true(int)[85]" classname="com.example.AppTest" time="0">
<system-out><![CDATA[
unique-id: [engine:junit-jupiter]/[class:com.example.AppTest]/[test-template:should_answer_with_true(int)]/[test-template-invocation:#85]
display-name: [85] 84
]]></system-out>
</testcase>
<testcase name="should_answer_with_true(int)[410]" classname="com.example.AppTest" time="0">
<system-out><![CDATA[
unique-id: [engine:junit-jupiter]/[class:com.example.AppTest]/[test-template:should_answer_with_true(int)]/[test-template-invocation:#410]
display-name: [410] 409
]]></system-out>
</testcase>
<testcase name="should_answer_with_true(int)[86]" classname="com.example.AppTest" time="0">
<system-out><![CDATA[
unique-id: [engine:junit-jupiter]/[class:com.example.AppTest]/[test-template:should_answer_with_true(int)]/[test-template-invocation:#86]
display-name: [86] 85
]]></system-out>
</testcase>
<testcase name="should_answer_with_true(int)[411]" classname="com.example.AppTest" time="0">
<system-out><![CDATA[
unique-id: [engine:junit-jupiter]/[class:com.example.AppTest]/[test-template:should_answer_with_true(int)]/[test-template-invocation:#411]
display-name: [411] 410
]]></system-out>
</testcase>
<testcase name="should_answer_with_true(int)[87]" classname="com.example.AppTest" time="0">
<system-out><![CDATA[
unique-id: [engine:junit-jupiter]/[class:com.example.AppTest]/[test-template:should_answer_with_true(int)]/[test-template-invocation:#87]
display-name: [87] 86
]]></system-out>
</testcase>
<testcase name="should_answer_with_true(int)[412]" classname="com.example.AppTest" time="0">
<system-out><![CDATA[
unique-id: [engine:junit-jupiter]/[class:com.example.AppTest]/[test-template:should_answer_with_true(int)]/[test-template-invocation:#412]
display-name: [412] 411
]]></system-out>
</testcase>
<testcase name="should_answer_with_true(int)[88]" classname="com.example.AppTest" time="0">
<system-out><![CDATA[
unique-id: [engine:junit-jupiter]/[class:com.example.AppTest]/[test-template:should_answer_with_true(int)]/[test-template-invocation:#88]
display-name: [88] 87
]]></system-out>
</testcase>
<testcase name="should_answer_with_true(int)[413]" classname="com.example.AppTest" time="0">
<system-out><![CDATA[
unique-id: [engine:junit-jupiter]/[class:com.example.AppTest]/[test-template:should_answer_with_true(int)]/[test-template-invocation:#413]
display-name: [413] 412
]]></system-out>
</testcase>
<testcase name="should_answer_with_true(int)[81]" classname="com.example.AppTest" time="0">
<system-out><![CDATA[
unique-id: [engine:junit-jupiter]/[class:com.example.AppTest]/[test-template:should_answer_with_true(int)]/[test-template-invocation:#81]
display-name: [81] 80
]]></system-out>
</testcase>
<testcase name="should_answer_with_true(int)[82]" classname="com.example.AppTest" time="0">
<system-out><![CDATA[
unique-id: [engine:junit-jupiter]/[class:com.example.AppTest]/[test-template:should_answer_with_true(int)]/[test-template-invocation:#82]
display-name: [82] 81
]]></system-out>
</testcase>
<testcase name="should_answer_with_true(int)[83]" classname="com.example.AppTest" time="0">
<system-out><![CDATA[
unique-id: [engine:junit-jupiter]/[class:com.example.AppTest]/[test-template:should_answer_with_true(int)]/[test-template-invocation:#83]
display-name: [83] 82
]]></system-out>
</testcase>
<testcase name="should_answer_with_true(int)[84]" classname="com.example.AppTest" time="0">
<system-out><![CDATA[
unique-id: [engine:junit-jupiter]/[class:com.example.AppTest]/[test-template:should_answer_with_true(int)]/[test-template-invocation:#84]
display-name: [84] 83
]]></system-out>
</testcase>
<testcase name="should_answer_with_true(int)[80]" classname="com.example.AppTest" time="0">
<system-out><![CDATA[
unique-id: [engine:junit-jupiter]/[class:com.example.AppTest]/[test-template:should_answer_with_true(int)]/[test-template-invocation:#80]
display-name: [80] 79
]]></system-out>
</testcase>
<system-out><![CDATA[
unique-id: [engine:junit-jupiter]
display-name: JUnit Jupiter
]]></system-out>
</testsuite>
